cycle,pc_f,fetch0,fetch1,decode0,decode1,issue0,issue1,exec0,exec1,result0,result1,branch_taken0,branch_taken1,jump_taken0,jump_taken1,branch_target0,branch_target1,jump_target0,jump_target1,mem0_re,mem0_we,mem1_re,mem1_we,mem_addr0,mem_addr1,fwd_rs1_0_en,fwd_rs2_0_en,fwd_rs1_1_src,fwd_rs2_1_src,stall_if_id,busy_vec,load_pending_vec
0,00000004,00108133,001101b3,00500093,00108133,1,0,00000013,00000013,xx,xx,0,0,0,0,00000000,00000000,00000000,00000000,0,0,0,0,00000000,00000000,0,0,0,0,0,00000000,00000000
1,00000008,001101b3,00310263,00108133,001101b3,1,0,00500093,00000013,xx,xx,0,0,0,0,00000005,00000000,00000005,00000000,0,0,0,0,00000005,00000000,1,1,0,2,0,00000002,00000000
2,0000000c,00310263,00012083,001101b3,00310263,1,0,00108133,00000013,xx,xx,0,0,0,0,00000005,00000000,00000005,00000000,0,0,0,0,xx,00000000,1,0,2,0,0,00000004,00000000
3,00000010,00012083,001202b3,00310263,00012083,1,1,001101b3,00000013,xx,xx,0,0,0,0,00000009,00000000,00000009,00000000,0,0,0,0,xx,00000000,0,1,0,0,0,00000008,00000000
4,00000018,00328333,00130393,00012083,001202b3,1,0,00310263,00012083,xx,xx,x,0,0,0,00000010,00000010,00000010,00000010,0,0,1,0,xx,xx,0,0,0,0,0,00000002,00000002
5,xx,xx,xx,xx,xx,1,x,00012083,00000013,xx,xx,0,0,0,0,00000010,00000000,00000010,00000000,1,0,0,0,xx,00000000,0,0,0,0,0,00000002,00000002
6,xx,xx,xx,xx,xx,1,x,xx,00000013,xx,xx,0,0,0,0,xx,00000000,xx,00000000,0,0,0,0,xx,00000000,0,0,0,0,0,00000000,00000000
7,xx,xx,xx,xx,xx,1,x,xx,00000013,xx,xx,0,0,0,0,xx,00000000,xx,00000000,0,0,0,0,xx,00000000,0,0,0,0,0,00000000,00000000
8,xx,xx,xx,xx,xx,1,x,xx,00000013,xx,xx,0,0,0,0,xx,00000000,xx,00000000,0,0,0,0,xx,00000000,0,0,0,0,0,00000000,00000000
9,xx,xx,xx,xx,xx,1,x,xx,00000013,xx,xx,0,0,0,0,xx,00000000,xx,00000000,0,0,0,0,xx,00000000,0,0,0,0,0,00000000,00000000
10,xx,xx,xx,xx,xx,1,x,xx,00000013,xx,xx,0,0,0,0,xx,00000000,xx,00000000,0,0,0,0,xx,00000000,0,0,0,0,0,00000000,00000000
11,xx,xx,xx,xx,xx,1,x,xx,00000013,xx,xx,0,0,0,0,xx,00000000,xx,00000000,0,0,0,0,xx,00000000,0,0,0,0,0,00000000,00000000
12,xx,xx,xx,xx,xx,1,x,xx,00000013,xx,xx,0,0,0,0,xx,00000000,xx,00000000,0,0,0,0,xx,00000000,0,0,0,0,0,00000000,00000000
13,xx,xx,xx,xx,xx,1,x,xx,00000013,xx,xx,0,0,0,0,xx,00000000,xx,00000000,0,0,0,0,xx,00000000,0,0,0,0,0,00000000,00000000
14,xx,xx,xx,xx,xx,1,x,xx,00000013,xx,xx,0,0,0,0,xx,00000000,xx,00000000,0,0,0,0,xx,00000000,0,0,0,0,0,00000000,00000000
15,xx,xx,xx,xx,xx,1,x,xx,00000013,xx,xx,0,0,0,0,xx,00000000,xx,00000000,0,0,0,0,xx,00000000,0,0,0,0,0,00000000,00000000
16,xx,xx,xx,xx,xx,1,x,xx,00000013,xx,xx,0,0,0,0,xx,00000000,xx,00000000,0,0,0,0,xx,00000000,0,0,0,0,0,00000000,00000000
17,xx,xx,xx,xx,xx,1,x,xx,00000013,xx,xx,0,0,0,0,xx,00000000,xx,00000000,0,0,0,0,xx,00000000,0,0,0,0,0,00000000,00000000
18,xx,xx,xx,xx,xx,1,x,xx,00000013,xx,xx,0,0,0,0,xx,00000000,xx,00000000,0,0,0,0,xx,00000000,0,0,0,0,0,00000000,00000000
19,xx,xx,xx,xx,xx,1,x,xx,00000013,xx,xx,0,0,0,0,xx,00000000,xx,00000000,0,0,0,0,xx,00000000,0,0,0,0,0,00000000,00000000
20,xx,xx,xx,xx,xx,1,x,xx,00000013,xx,xx,0,0,0,0,xx,00000000,xx,00000000,0,0,0,0,xx,00000000,0,0,0,0,0,00000000,00000000
21,xx,xx,xx,xx,xx,1,x,xx,00000013,xx,xx,0,0,0,0,xx,00000000,xx,00000000,0,0,0,0,xx,00000000,0,0,0,0,0,00000000,00000000
22,xx,xx,xx,xx,xx,1,x,xx,00000013,xx,xx,0,0,0,0,xx,00000000,xx,00000000,0,0,0,0,xx,00000000,0,0,0,0,0,00000000,00000000
23,xx,xx,xx,xx,xx,1,x,xx,00000013,xx,xx,0,0,0,0,xx,00000000,xx,00000000,0,0,0,0,xx,00000000,0,0,0,0,0,00000000,00000000
24,xx,xx,xx,xx,xx,1,x,xx,00000013,xx,xx,0,0,0,0,xx,00000000,xx,00000000,0,0,0,0,xx,00000000,0,0,0,0,0,00000000,00000000
25,xx,xx,xx,xx,xx,1,x,xx,00000013,xx,xx,0,0,0,0,xx,00000000,xx,00000000,0,0,0,0,xx,00000000,0,0,0,0,0,00000000,00000000
26,xx,xx,xx,xx,xx,1,x,xx,00000013,xx,xx,0,0,0,0,xx,00000000,xx,00000000,0,0,0,0,xx,00000000,0,0,0,0,0,00000000,00000000
27,xx,xx,xx,xx,xx,1,x,xx,00000013,xx,xx,0,0,0,0,xx,00000000,xx,00000000,0,0,0,0,xx,00000000,0,0,0,0,0,00000000,00000000
28,xx,xx,xx,xx,xx,1,x,xx,00000013,xx,xx,0,0,0,0,xx,00000000,xx,00000000,0,0,0,0,xx,00000000,0,0,0,0,0,00000000,00000000
29,xx,xx,xx,xx,xx,1,x,xx,00000013,xx,xx,0,0,0,0,xx,00000000,xx,00000000,0,0,0,0,xx,00000000,0,0,0,0,0,00000000,00000000
30,xx,xx,xx,xx,xx,1,x,xx,00000013,xx,xx,0,0,0,0,xx,00000000,xx,00000000,0,0,0,0,xx,00000000,0,0,0,0,0,00000000,00000000
31,xx,xx,xx,xx,xx,1,x,xx,00000013,xx,xx,0,0,0,0,xx,00000000,xx,00000000,0,0,0,0,xx,00000000,0,0,0,0,0,00000000,00000000
32,xx,xx,xx,xx,xx,1,x,xx,00000013,xx,xx,0,0,0,0,xx,00000000,xx,00000000,0,0,0,0,xx,00000000,0,0,0,0,0,00000000,00000000
33,xx,xx,xx,xx,xx,1,x,xx,00000013,xx,xx,0,0,0,0,xx,00000000,xx,00000000,0,0,0,0,xx,00000000,0,0,0,0,0,00000000,00000000
34,xx,xx,xx,xx,xx,1,x,xx,00000013,xx,xx,0,0,0,0,xx,00000000,xx,00000000,0,0,0,0,xx,00000000,0,0,0,0,0,00000000,00000000
35,xx,xx,xx,xx,xx,1,x,xx,00000013,xx,xx,0,0,0,0,xx,00000000,xx,00000000,0,0,0,0,xx,00000000,0,0,0,0,0,00000000,00000000
36,xx,xx,xx,xx,xx,1,x,xx,00000013,xx,xx,0,0,0,0,xx,00000000,xx,00000000,0,0,0,0,xx,00000000,0,0,0,0,0,00000000,00000000
37,xx,xx,xx,xx,xx,1,x,xx,00000013,xx,xx,0,0,0,0,xx,00000000,xx,00000000,0,0,0,0,xx,00000000,0,0,0,0,0,00000000,00000000
38,xx,xx,xx,xx,xx,1,x,xx,00000013,xx,xx,0,0,0,0,xx,00000000,xx,00000000,0,0,0,0,xx,00000000,0,0,0,0,0,00000000,00000000
39,xx,xx,xx,xx,xx,1,x,xx,00000013,xx,xx,0,0,0,0,xx,00000000,xx,00000000,0,0,0,0,xx,00000000,0,0,0,0,0,00000000,00000000
40,xx,xx,xx,xx,xx,1,x,xx,00000013,xx,xx,0,0,0,0,xx,00000000,xx,00000000,0,0,0,0,xx,00000000,0,0,0,0,0,00000000,00000000
41,xx,xx,xx,xx,xx,1,x,xx,00000013,xx,xx,0,0,0,0,xx,00000000,xx,00000000,0,0,0,0,xx,00000000,0,0,0,0,0,00000000,00000000
42,xx,xx,xx,xx,xx,1,x,xx,00000013,xx,xx,0,0,0,0,xx,00000000,xx,00000000,0,0,0,0,xx,00000000,0,0,0,0,0,00000000,00000000
43,xx,xx,xx,xx,xx,1,x,xx,00000013,xx,xx,0,0,0,0,xx,00000000,xx,00000000,0,0,0,0,xx,00000000,0,0,0,0,0,00000000,00000000
44,xx,xx,xx,xx,xx,1,x,xx,00000013,xx,xx,0,0,0,0,xx,00000000,xx,00000000,0,0,0,0,xx,00000000,0,0,0,0,0,00000000,00000000
45,xx,xx,xx,xx,xx,1,x,xx,00000013,xx,xx,0,0,0,0,xx,00000000,xx,00000000,0,0,0,0,xx,00000000,0,0,0,0,0,00000000,00000000
46,xx,xx,xx,xx,xx,1,x,xx,00000013,xx,xx,0,0,0,0,xx,00000000,xx,00000000,0,0,0,0,xx,00000000,0,0,0,0,0,00000000,00000000
47,xx,xx,xx,xx,xx,1,x,xx,00000013,xx,xx,0,0,0,0,xx,00000000,xx,00000000,0,0,0,0,xx,00000000,0,0,0,0,0,00000000,00000000
48,xx,xx,xx,xx,xx,1,x,xx,00000013,xx,xx,0,0,0,0,xx,00000000,xx,00000000,0,0,0,0,xx,00000000,0,0,0,0,0,00000000,00000000
49,xx,xx,xx,xx,xx,1,x,xx,00000013,xx,xx,0,0,0,0,xx,00000000,xx,00000000,0,0,0,0,xx,00000000,0,0,0,0,0,00000000,00000000
50,xx,xx,xx,xx,xx,1,x,xx,00000013,xx,xx,0,0,0,0,xx,00000000,xx,00000000,0,0,0,0,xx,00000000,0,0,0,0,0,00000000,00000000
51,xx,xx,xx,xx,xx,1,x,xx,00000013,xx,xx,0,0,0,0,xx,00000000,xx,00000000,0,0,0,0,xx,00000000,0,0,0,0,0,00000000,00000000
52,xx,xx,xx,xx,xx,1,x,xx,00000013,xx,xx,0,0,0,0,xx,00000000,xx,00000000,0,0,0,0,xx,00000000,0,0,0,0,0,00000000,00000000
53,xx,xx,xx,xx,xx,1,x,xx,00000013,xx,xx,0,0,0,0,xx,00000000,xx,00000000,0,0,0,0,xx,00000000,0,0,0,0,0,00000000,00000000
54,xx,xx,xx,xx,xx,1,x,xx,00000013,xx,xx,0,0,0,0,xx,00000000,xx,00000000,0,0,0,0,xx,00000000,0,0,0,0,0,00000000,00000000
55,xx,xx,xx,xx,xx,1,x,xx,00000013,xx,xx,0,0,0,0,xx,00000000,xx,00000000,0,0,0,0,xx,00000000,0,0,0,0,0,00000000,00000000
56,xx,xx,xx,xx,xx,1,x,xx,00000013,xx,xx,0,0,0,0,xx,00000000,xx,00000000,0,0,0,0,xx,00000000,0,0,0,0,0,00000000,00000000
57,xx,xx,xx,xx,xx,1,x,xx,00000013,xx,xx,0,0,0,0,xx,00000000,xx,00000000,0,0,0,0,xx,00000000,0,0,0,0,0,00000000,00000000
58,xx,xx,xx,xx,xx,1,x,xx,00000013,xx,xx,0,0,0,0,xx,00000000,xx,00000000,0,0,0,0,xx,00000000,0,0,0,0,0,00000000,00000000
59,xx,xx,xx,xx,xx,1,x,xx,00000013,xx,xx,0,0,0,0,xx,00000000,xx,00000000,0,0,0,0,xx,00000000,0,0,0,0,0,00000000,00000000
60,xx,xx,xx,xx,xx,1,x,xx,00000013,xx,xx,0,0,0,0,xx,00000000,xx,00000000,0,0,0,0,xx,00000000,0,0,0,0,0,00000000,00000000
61,xx,xx,xx,xx,xx,1,x,xx,00000013,xx,xx,0,0,0,0,xx,00000000,xx,00000000,0,0,0,0,xx,00000000,0,0,0,0,0,00000000,00000000
62,xx,xx,xx,xx,xx,1,x,xx,00000013,xx,xx,0,0,0,0,xx,00000000,xx,00000000,0,0,0,0,xx,00000000,0,0,0,0,0,00000000,00000000
63,xx,xx,xx,xx,xx,1,x,xx,00000013,xx,xx,0,0,0,0,xx,00000000,xx,00000000,0,0,0,0,xx,00000000,0,0,0,0,0,00000000,00000000
64,xx,xx,xx,xx,xx,1,x,xx,00000013,xx,xx,0,0,0,0,xx,00000000,xx,00000000,0,0,0,0,xx,00000000,0,0,0,0,0,00000000,00000000
65,xx,xx,xx,xx,xx,1,x,xx,00000013,xx,xx,0,0,0,0,xx,00000000,xx,00000000,0,0,0,0,xx,00000000,0,0,0,0,0,00000000,00000000
66,xx,xx,xx,xx,xx,1,x,xx,00000013,xx,xx,0,0,0,0,xx,00000000,xx,00000000,0,0,0,0,xx,00000000,0,0,0,0,0,00000000,00000000
67,xx,xx,xx,xx,xx,1,x,xx,00000013,xx,xx,0,0,0,0,xx,00000000,xx,00000000,0,0,0,0,xx,00000000,0,0,0,0,0,00000000,00000000
68,xx,xx,xx,xx,xx,1,x,xx,00000013,xx,xx,0,0,0,0,xx,00000000,xx,00000000,0,0,0,0,xx,00000000,0,0,0,0,0,00000000,00000000
69,xx,xx,xx,xx,xx,1,x,xx,00000013,xx,xx,0,0,0,0,xx,00000000,xx,00000000,0,0,0,0,xx,00000000,0,0,0,0,0,00000000,00000000
70,xx,xx,xx,xx,xx,1,x,xx,00000013,xx,xx,0,0,0,0,xx,00000000,xx,00000000,0,0,0,0,xx,00000000,0,0,0,0,0,00000000,00000000
71,xx,xx,xx,xx,xx,1,x,xx,00000013,xx,xx,0,0,0,0,xx,00000000,xx,00000000,0,0,0,0,xx,00000000,0,0,0,0,0,00000000,00000000
72,xx,xx,xx,xx,xx,1,x,xx,00000013,xx,xx,0,0,0,0,xx,00000000,xx,00000000,0,0,0,0,xx,00000000,0,0,0,0,0,00000000,00000000
73,xx,xx,xx,xx,xx,1,x,xx,00000013,xx,xx,0,0,0,0,xx,00000000,xx,00000000,0,0,0,0,xx,00000000,0,0,0,0,0,00000000,00000000
74,xx,xx,xx,xx,xx,1,x,xx,00000013,xx,xx,0,0,0,0,xx,00000000,xx,00000000,0,0,0,0,xx,00000000,0,0,0,0,0,00000000,00000000
75,xx,xx,xx,xx,xx,1,x,xx,00000013,xx,xx,0,0,0,0,xx,00000000,xx,00000000,0,0,0,0,xx,00000000,0,0,0,0,0,00000000,00000000
76,xx,xx,xx,xx,xx,1,x,xx,00000013,xx,xx,0,0,0,0,xx,00000000,xx,00000000,0,0,0,0,xx,00000000,0,0,0,0,0,00000000,00000000
77,xx,xx,xx,xx,xx,1,x,xx,00000013,xx,xx,0,0,0,0,xx,00000000,xx,00000000,0,0,0,0,xx,00000000,0,0,0,0,0,00000000,00000000
78,xx,xx,xx,xx,xx,1,x,xx,00000013,xx,xx,0,0,0,0,xx,00000000,xx,00000000,0,0,0,0,xx,00000000,0,0,0,0,0,00000000,00000000
79,xx,xx,xx,xx,xx,1,x,xx,00000013,xx,xx,0,0,0,0,xx,00000000,xx,00000000,0,0,0,0,xx,00000000,0,0,0,0,0,00000000,00000000
80,xx,xx,xx,xx,xx,1,x,xx,00000013,xx,xx,0,0,0,0,xx,00000000,xx,00000000,0,0,0,0,xx,00000000,0,0,0,0,0,00000000,00000000
81,xx,xx,xx,xx,xx,1,x,xx,00000013,xx,xx,0,0,0,0,xx,00000000,xx,00000000,0,0,0,0,xx,00000000,0,0,0,0,0,00000000,00000000
82,xx,xx,xx,xx,xx,1,x,xx,00000013,xx,xx,0,0,0,0,xx,00000000,xx,00000000,0,0,0,0,xx,00000000,0,0,0,0,0,00000000,00000000
83,xx,xx,xx,xx,xx,1,x,xx,00000013,xx,xx,0,0,0,0,xx,00000000,xx,00000000,0,0,0,0,xx,00000000,0,0,0,0,0,00000000,00000000
84,xx,xx,xx,xx,xx,1,x,xx,00000013,xx,xx,0,0,0,0,xx,00000000,xx,00000000,0,0,0,0,xx,00000000,0,0,0,0,0,00000000,00000000
85,xx,xx,xx,xx,xx,1,x,xx,00000013,xx,xx,0,0,0,0,xx,00000000,xx,00000000,0,0,0,0,xx,00000000,0,0,0,0,0,00000000,00000000
86,xx,xx,xx,xx,xx,1,x,xx,00000013,xx,xx,0,0,0,0,xx,00000000,xx,00000000,0,0,0,0,xx,00000000,0,0,0,0,0,00000000,00000000
87,xx,xx,xx,xx,xx,1,x,xx,00000013,xx,xx,0,0,0,0,xx,00000000,xx,00000000,0,0,0,0,xx,00000000,0,0,0,0,0,00000000,00000000
88,xx,xx,xx,xx,xx,1,x,xx,00000013,xx,xx,0,0,0,0,xx,00000000,xx,00000000,0,0,0,0,xx,00000000,0,0,0,0,0,00000000,00000000
89,xx,xx,xx,xx,xx,1,x,xx,00000013,xx,xx,0,0,0,0,xx,00000000,xx,00000000,0,0,0,0,xx,00000000,0,0,0,0,0,00000000,00000000
90,xx,xx,xx,xx,xx,1,x,xx,00000013,xx,xx,0,0,0,0,xx,00000000,xx,00000000,0,0,0,0,xx,00000000,0,0,0,0,0,00000000,00000000
91,xx,xx,xx,xx,xx,1,x,xx,00000013,xx,xx,0,0,0,0,xx,00000000,xx,00000000,0,0,0,0,xx,00000000,0,0,0,0,0,00000000,00000000
92,xx,xx,xx,xx,xx,1,x,xx,00000013,xx,xx,0,0,0,0,xx,00000000,xx,00000000,0,0,0,0,xx,00000000,0,0,0,0,0,00000000,00000000
93,xx,xx,xx,xx,xx,1,x,xx,00000013,xx,xx,0,0,0,0,xx,00000000,xx,00000000,0,0,0,0,xx,00000000,0,0,0,0,0,00000000,00000000
94,xx,xx,xx,xx,xx,1,x,xx,00000013,xx,xx,0,0,0,0,xx,00000000,xx,00000000,0,0,0,0,xx,00000000,0,0,0,0,0,00000000,00000000
95,xx,xx,xx,xx,xx,1,x,xx,00000013,xx,xx,0,0,0,0,xx,00000000,xx,00000000,0,0,0,0,xx,00000000,0,0,0,0,0,00000000,00000000
96,xx,xx,xx,xx,xx,1,x,xx,00000013,xx,xx,0,0,0,0,xx,00000000,xx,00000000,0,0,0,0,xx,00000000,0,0,0,0,0,00000000,00000000
97,xx,xx,xx,xx,xx,1,x,xx,00000013,xx,xx,0,0,0,0,xx,00000000,xx,00000000,0,0,0,0,xx,00000000,0,0,0,0,0,00000000,00000000
98,xx,xx,xx,xx,xx,1,x,xx,00000013,xx,xx,0,0,0,0,xx,00000000,xx,00000000,0,0,0,0,xx,00000000,0,0,0,0,0,00000000,00000000
99,xx,xx,xx,xx,xx,1,x,xx,00000013,xx,xx,0,0,0,0,xx,00000000,xx,00000000,0,0,0,0,xx,00000000,0,0,0,0,0,00000000,00000000
100,xx,xx,xx,xx,xx,1,x,xx,00000013,xx,xx,0,0,0,0,xx,00000000,xx,00000000,0,0,0,0,xx,00000000,0,0,0,0,0,00000000,00000000
101,xx,xx,xx,xx,xx,1,x,xx,00000013,xx,xx,0,0,0,0,xx,00000000,xx,00000000,0,0,0,0,xx,00000000,0,0,0,0,0,00000000,00000000
102,xx,xx,xx,xx,xx,1,x,xx,00000013,xx,xx,0,0,0,0,xx,00000000,xx,00000000,0,0,0,0,xx,00000000,0,0,0,0,0,00000000,00000000
103,xx,xx,xx,xx,xx,1,x,xx,00000013,xx,xx,0,0,0,0,xx,00000000,xx,00000000,0,0,0,0,xx,00000000,0,0,0,0,0,00000000,00000000
104,xx,xx,xx,xx,xx,1,x,xx,00000013,xx,xx,0,0,0,0,xx,00000000,xx,00000000,0,0,0,0,xx,00000000,0,0,0,0,0,00000000,00000000
105,xx,xx,xx,xx,xx,1,x,xx,00000013,xx,xx,0,0,0,0,xx,00000000,xx,00000000,0,0,0,0,xx,00000000,0,0,0,0,0,00000000,00000000
106,xx,xx,xx,xx,xx,1,x,xx,00000013,xx,xx,0,0,0,0,xx,00000000,xx,00000000,0,0,0,0,xx,00000000,0,0,0,0,0,00000000,00000000
107,xx,xx,xx,xx,xx,1,x,xx,00000013,xx,xx,0,0,0,0,xx,00000000,xx,00000000,0,0,0,0,xx,00000000,0,0,0,0,0,00000000,00000000
108,xx,xx,xx,xx,xx,1,x,xx,00000013,xx,xx,0,0,0,0,xx,00000000,xx,00000000,0,0,0,0,xx,00000000,0,0,0,0,0,00000000,00000000
109,xx,xx,xx,xx,xx,1,x,xx,00000013,xx,xx,0,0,0,0,xx,00000000,xx,00000000,0,0,0,0,xx,00000000,0,0,0,0,0,00000000,00000000
110,xx,xx,xx,xx,xx,1,x,xx,00000013,xx,xx,0,0,0,0,xx,00000000,xx,00000000,0,0,0,0,xx,00000000,0,0,0,0,0,00000000,00000000
111,xx,xx,xx,xx,xx,1,x,xx,00000013,xx,xx,0,0,0,0,xx,00000000,xx,00000000,0,0,0,0,xx,00000000,0,0,0,0,0,00000000,00000000
112,xx,xx,xx,xx,xx,1,x,xx,00000013,xx,xx,0,0,0,0,xx,00000000,xx,00000000,0,0,0,0,xx,00000000,0,0,0,0,0,00000000,00000000
113,xx,xx,xx,xx,xx,1,x,xx,00000013,xx,xx,0,0,0,0,xx,00000000,xx,00000000,0,0,0,0,xx,00000000,0,0,0,0,0,00000000,00000000
114,xx,xx,xx,xx,xx,1,x,xx,00000013,xx,xx,0,0,0,0,xx,00000000,xx,00000000,0,0,0,0,xx,00000000,0,0,0,0,0,00000000,00000000
115,xx,xx,xx,xx,xx,1,x,xx,00000013,xx,xx,0,0,0,0,xx,00000000,xx,00000000,0,0,0,0,xx,00000000,0,0,0,0,0,00000000,00000000
116,xx,xx,xx,xx,xx,1,x,xx,00000013,xx,xx,0,0,0,0,xx,00000000,xx,00000000,0,0,0,0,xx,00000000,0,0,0,0,0,00000000,00000000
117,xx,xx,xx,xx,xx,1,x,xx,00000013,xx,xx,0,0,0,0,xx,00000000,xx,00000000,0,0,0,0,xx,00000000,0,0,0,0,0,00000000,00000000
118,xx,xx,xx,xx,xx,1,x,xx,00000013,xx,xx,0,0,0,0,xx,00000000,xx,00000000,0,0,0,0,xx,00000000,0,0,0,0,0,00000000,00000000
119,xx,xx,xx,xx,xx,1,x,xx,00000013,xx,xx,0,0,0,0,xx,00000000,xx,00000000,0,0,0,0,xx,00000000,0,0,0,0,0,00000000,00000000
120,xx,xx,xx,xx,xx,1,x,xx,00000013,xx,xx,0,0,0,0,xx,00000000,xx,00000000,0,0,0,0,xx,00000000,0,0,0,0,0,00000000,00000000
121,xx,xx,xx,xx,xx,1,x,xx,00000013,xx,xx,0,0,0,0,xx,00000000,xx,00000000,0,0,0,0,xx,00000000,0,0,0,0,0,00000000,00000000
122,xx,xx,xx,xx,xx,1,x,xx,00000013,xx,xx,0,0,0,0,xx,00000000,xx,00000000,0,0,0,0,xx,00000000,0,0,0,0,0,00000000,00000000
123,xx,xx,xx,xx,xx,1,x,xx,00000013,xx,xx,0,0,0,0,xx,00000000,xx,00000000,0,0,0,0,xx,00000000,0,0,0,0,0,00000000,00000000
124,xx,xx,xx,xx,xx,1,x,xx,00000013,xx,xx,0,0,0,0,xx,00000000,xx,00000000,0,0,0,0,xx,00000000,0,0,0,0,0,00000000,00000000
125,xx,xx,xx,xx,xx,1,x,xx,00000013,xx,xx,0,0,0,0,xx,00000000,xx,00000000,0,0,0,0,xx,00000000,0,0,0,0,0,00000000,00000000
126,xx,xx,xx,xx,xx,1,x,xx,00000013,xx,xx,0,0,0,0,xx,00000000,xx,00000000,0,0,0,0,xx,00000000,0,0,0,0,0,00000000,00000000
127,xx,xx,xx,xx,xx,1,x,xx,00000013,xx,xx,0,0,0,0,xx,00000000,xx,00000000,0,0,0,0,xx,00000000,0,0,0,0,0,00000000,00000000
128,xx,xx,xx,xx,xx,1,x,xx,00000013,xx,xx,0,0,0,0,xx,00000000,xx,00000000,0,0,0,0,xx,00000000,0,0,0,0,0,00000000,00000000
129,xx,xx,xx,xx,xx,1,x,xx,00000013,xx,xx,0,0,0,0,xx,00000000,xx,00000000,0,0,0,0,xx,00000000,0,0,0,0,0,00000000,00000000
130,xx,xx,xx,xx,xx,1,x,xx,00000013,xx,xx,0,0,0,0,xx,00000000,xx,00000000,0,0,0,0,xx,00000000,0,0,0,0,0,00000000,00000000
131,xx,xx,xx,xx,xx,1,x,xx,00000013,xx,xx,0,0,0,0,xx,00000000,xx,00000000,0,0,0,0,xx,00000000,0,0,0,0,0,00000000,00000000
132,xx,xx,xx,xx,xx,1,x,xx,00000013,xx,xx,0,0,0,0,xx,00000000,xx,00000000,0,0,0,0,xx,00000000,0,0,0,0,0,00000000,00000000
133,xx,xx,xx,xx,xx,1,x,xx,00000013,xx,xx,0,0,0,0,xx,00000000,xx,00000000,0,0,0,0,xx,00000000,0,0,0,0,0,00000000,00000000
134,xx,xx,xx,xx,xx,1,x,xx,00000013,xx,xx,0,0,0,0,xx,00000000,xx,00000000,0,0,0,0,xx,00000000,0,0,0,0,0,00000000,00000000
135,xx,xx,xx,xx,xx,1,x,xx,00000013,xx,xx,0,0,0,0,xx,00000000,xx,00000000,0,0,0,0,xx,00000000,0,0,0,0,0,00000000,00000000
136,xx,xx,xx,xx,xx,1,x,xx,00000013,xx,xx,0,0,0,0,xx,00000000,xx,00000000,0,0,0,0,xx,00000000,0,0,0,0,0,00000000,00000000
137,xx,xx,xx,xx,xx,1,x,xx,00000013,xx,xx,0,0,0,0,xx,00000000,xx,00000000,0,0,0,0,xx,00000000,0,0,0,0,0,00000000,00000000
138,xx,xx,xx,xx,xx,1,x,xx,00000013,xx,xx,0,0,0,0,xx,00000000,xx,00000000,0,0,0,0,xx,00000000,0,0,0,0,0,00000000,00000000
139,xx,xx,xx,xx,xx,1,x,xx,00000013,xx,xx,0,0,0,0,xx,00000000,xx,00000000,0,0,0,0,xx,00000000,0,0,0,0,0,00000000,00000000
140,xx,xx,xx,xx,xx,1,x,xx,00000013,xx,xx,0,0,0,0,xx,00000000,xx,00000000,0,0,0,0,xx,00000000,0,0,0,0,0,00000000,00000000
141,xx,xx,xx,xx,xx,1,x,xx,00000013,xx,xx,0,0,0,0,xx,00000000,xx,00000000,0,0,0,0,xx,00000000,0,0,0,0,0,00000000,00000000
142,xx,xx,xx,xx,xx,1,x,xx,00000013,xx,xx,0,0,0,0,xx,00000000,xx,00000000,0,0,0,0,xx,00000000,0,0,0,0,0,00000000,00000000
143,xx,xx,xx,xx,xx,1,x,xx,00000013,xx,xx,0,0,0,0,xx,00000000,xx,00000000,0,0,0,0,xx,00000000,0,0,0,0,0,00000000,00000000
144,xx,xx,xx,xx,xx,1,x,xx,00000013,xx,xx,0,0,0,0,xx,00000000,xx,00000000,0,0,0,0,xx,00000000,0,0,0,0,0,00000000,00000000
145,xx,xx,xx,xx,xx,1,x,xx,00000013,xx,xx,0,0,0,0,xx,00000000,xx,00000000,0,0,0,0,xx,00000000,0,0,0,0,0,00000000,00000000
146,xx,xx,xx,xx,xx,1,x,xx,00000013,xx,xx,0,0,0,0,xx,00000000,xx,00000000,0,0,0,0,xx,00000000,0,0,0,0,0,00000000,00000000
147,xx,xx,xx,xx,xx,1,x,xx,00000013,xx,xx,0,0,0,0,xx,00000000,xx,00000000,0,0,0,0,xx,00000000,0,0,0,0,0,00000000,00000000
148,xx,xx,xx,xx,xx,1,x,xx,00000013,xx,xx,0,0,0,0,xx,00000000,xx,00000000,0,0,0,0,xx,00000000,0,0,0,0,0,00000000,00000000
149,xx,xx,xx,xx,xx,1,x,xx,00000013,xx,xx,0,0,0,0,xx,00000000,xx,00000000,0,0,0,0,xx,00000000,0,0,0,0,0,00000000,00000000
150,xx,xx,xx,xx,xx,1,x,xx,00000013,xx,xx,0,0,0,0,xx,00000000,xx,00000000,0,0,0,0,xx,00000000,0,0,0,0,0,00000000,00000000
151,xx,xx,xx,xx,xx,1,x,xx,00000013,xx,xx,0,0,0,0,xx,00000000,xx,00000000,0,0,0,0,xx,00000000,0,0,0,0,0,00000000,00000000
152,xx,xx,xx,xx,xx,1,x,xx,00000013,xx,xx,0,0,0,0,xx,00000000,xx,00000000,0,0,0,0,xx,00000000,0,0,0,0,0,00000000,00000000
153,xx,xx,xx,xx,xx,1,x,xx,00000013,xx,xx,0,0,0,0,xx,00000000,xx,00000000,0,0,0,0,xx,00000000,0,0,0,0,0,00000000,00000000
154,xx,xx,xx,xx,xx,1,x,xx,00000013,xx,xx,0,0,0,0,xx,00000000,xx,00000000,0,0,0,0,xx,00000000,0,0,0,0,0,00000000,00000000
155,xx,xx,xx,xx,xx,1,x,xx,00000013,xx,xx,0,0,0,0,xx,00000000,xx,00000000,0,0,0,0,xx,00000000,0,0,0,0,0,00000000,00000000
156,xx,xx,xx,xx,xx,1,x,xx,00000013,xx,xx,0,0,0,0,xx,00000000,xx,00000000,0,0,0,0,xx,00000000,0,0,0,0,0,00000000,00000000
157,xx,xx,xx,xx,xx,1,x,xx,00000013,xx,xx,0,0,0,0,xx,00000000,xx,00000000,0,0,0,0,xx,00000000,0,0,0,0,0,00000000,00000000
158,xx,xx,xx,xx,xx,1,x,xx,00000013,xx,xx,0,0,0,0,xx,00000000,xx,00000000,0,0,0,0,xx,00000000,0,0,0,0,0,00000000,00000000
159,xx,xx,xx,xx,xx,1,x,xx,00000013,xx,xx,0,0,0,0,xx,00000000,xx,00000000,0,0,0,0,xx,00000000,0,0,0,0,0,00000000,00000000
160,xx,xx,xx,xx,xx,1,x,xx,00000013,xx,xx,0,0,0,0,xx,00000000,xx,00000000,0,0,0,0,xx,00000000,0,0,0,0,0,00000000,00000000
161,xx,xx,xx,xx,xx,1,x,xx,00000013,xx,xx,0,0,0,0,xx,00000000,xx,00000000,0,0,0,0,xx,00000000,0,0,0,0,0,00000000,00000000
162,xx,xx,xx,xx,xx,1,x,xx,00000013,xx,xx,0,0,0,0,xx,00000000,xx,00000000,0,0,0,0,xx,00000000,0,0,0,0,0,00000000,00000000
163,xx,xx,xx,xx,xx,1,x,xx,00000013,xx,xx,0,0,0,0,xx,00000000,xx,00000000,0,0,0,0,xx,00000000,0,0,0,0,0,00000000,00000000
164,xx,xx,xx,xx,xx,1,x,xx,00000013,xx,xx,0,0,0,0,xx,00000000,xx,00000000,0,0,0,0,xx,00000000,0,0,0,0,0,00000000,00000000
165,xx,xx,xx,xx,xx,1,x,xx,00000013,xx,xx,0,0,0,0,xx,00000000,xx,00000000,0,0,0,0,xx,00000000,0,0,0,0,0,00000000,00000000
166,xx,xx,xx,xx,xx,1,x,xx,00000013,xx,xx,0,0,0,0,xx,00000000,xx,00000000,0,0,0,0,xx,00000000,0,0,0,0,0,00000000,00000000
167,xx,xx,xx,xx,xx,1,x,xx,00000013,xx,xx,0,0,0,0,xx,00000000,xx,00000000,0,0,0,0,xx,00000000,0,0,0,0,0,00000000,00000000
168,xx,xx,xx,xx,xx,1,x,xx,00000013,xx,xx,0,0,0,0,xx,00000000,xx,00000000,0,0,0,0,xx,00000000,0,0,0,0,0,00000000,00000000
169,xx,xx,xx,xx,xx,1,x,xx,00000013,xx,xx,0,0,0,0,xx,00000000,xx,00000000,0,0,0,0,xx,00000000,0,0,0,0,0,00000000,00000000
170,xx,xx,xx,xx,xx,1,x,xx,00000013,xx,xx,0,0,0,0,xx,00000000,xx,00000000,0,0,0,0,xx,00000000,0,0,0,0,0,00000000,00000000
171,xx,xx,xx,xx,xx,1,x,xx,00000013,xx,xx,0,0,0,0,xx,00000000,xx,00000000,0,0,0,0,xx,00000000,0,0,0,0,0,00000000,00000000
172,xx,xx,xx,xx,xx,1,x,xx,00000013,xx,xx,0,0,0,0,xx,00000000,xx,00000000,0,0,0,0,xx,00000000,0,0,0,0,0,00000000,00000000
173,xx,xx,xx,xx,xx,1,x,xx,00000013,xx,xx,0,0,0,0,xx,00000000,xx,00000000,0,0,0,0,xx,00000000,0,0,0,0,0,00000000,00000000
174,xx,xx,xx,xx,xx,1,x,xx,00000013,xx,xx,0,0,0,0,xx,00000000,xx,00000000,0,0,0,0,xx,00000000,0,0,0,0,0,00000000,00000000
175,xx,xx,xx,xx,xx,1,x,xx,00000013,xx,xx,0,0,0,0,xx,00000000,xx,00000000,0,0,0,0,xx,00000000,0,0,0,0,0,00000000,00000000
176,xx,xx,xx,xx,xx,1,x,xx,00000013,xx,xx,0,0,0,0,xx,00000000,xx,00000000,0,0,0,0,xx,00000000,0,0,0,0,0,00000000,00000000
177,xx,xx,xx,xx,xx,1,x,xx,00000013,xx,xx,0,0,0,0,xx,00000000,xx,00000000,0,0,0,0,xx,00000000,0,0,0,0,0,00000000,00000000
178,xx,xx,xx,xx,xx,1,x,xx,00000013,xx,xx,0,0,0,0,xx,00000000,xx,00000000,0,0,0,0,xx,00000000,0,0,0,0,0,00000000,00000000
179,xx,xx,xx,xx,xx,1,x,xx,00000013,xx,xx,0,0,0,0,xx,00000000,xx,00000000,0,0,0,0,xx,00000000,0,0,0,0,0,00000000,00000000
180,xx,xx,xx,xx,xx,1,x,xx,00000013,xx,xx,0,0,0,0,xx,00000000,xx,00000000,0,0,0,0,xx,00000000,0,0,0,0,0,00000000,00000000
181,xx,xx,xx,xx,xx,1,x,xx,00000013,xx,xx,0,0,0,0,xx,00000000,xx,00000000,0,0,0,0,xx,00000000,0,0,0,0,0,00000000,00000000
182,xx,xx,xx,xx,xx,1,x,xx,00000013,xx,xx,0,0,0,0,xx,00000000,xx,00000000,0,0,0,0,xx,00000000,0,0,0,0,0,00000000,00000000
183,xx,xx,xx,xx,xx,1,x,xx,00000013,xx,xx,0,0,0,0,xx,00000000,xx,00000000,0,0,0,0,xx,00000000,0,0,0,0,0,00000000,00000000
184,xx,xx,xx,xx,xx,1,x,xx,00000013,xx,xx,0,0,0,0,xx,00000000,xx,00000000,0,0,0,0,xx,00000000,0,0,0,0,0,00000000,00000000
185,xx,xx,xx,xx,xx,1,x,xx,00000013,xx,xx,0,0,0,0,xx,00000000,xx,00000000,0,0,0,0,xx,00000000,0,0,0,0,0,00000000,00000000
186,xx,xx,xx,xx,xx,1,x,xx,00000013,xx,xx,0,0,0,0,xx,00000000,xx,00000000,0,0,0,0,xx,00000000,0,0,0,0,0,00000000,00000000
187,xx,xx,xx,xx,xx,1,x,xx,00000013,xx,xx,0,0,0,0,xx,00000000,xx,00000000,0,0,0,0,xx,00000000,0,0,0,0,0,00000000,00000000
188,xx,xx,xx,xx,xx,1,x,xx,00000013,xx,xx,0,0,0,0,xx,00000000,xx,00000000,0,0,0,0,xx,00000000,0,0,0,0,0,00000000,00000000
189,xx,xx,xx,xx,xx,1,x,xx,00000013,xx,xx,0,0,0,0,xx,00000000,xx,00000000,0,0,0,0,xx,00000000,0,0,0,0,0,00000000,00000000
190,xx,xx,xx,xx,xx,1,x,xx,00000013,xx,xx,0,0,0,0,xx,00000000,xx,00000000,0,0,0,0,xx,00000000,0,0,0,0,0,00000000,00000000
191,xx,xx,xx,xx,xx,1,x,xx,00000013,xx,xx,0,0,0,0,xx,00000000,xx,00000000,0,0,0,0,xx,00000000,0,0,0,0,0,00000000,00000000
192,xx,xx,xx,xx,xx,1,x,xx,00000013,xx,xx,0,0,0,0,xx,00000000,xx,00000000,0,0,0,0,xx,00000000,0,0,0,0,0,00000000,00000000
193,xx,xx,xx,xx,xx,1,x,xx,00000013,xx,xx,0,0,0,0,xx,00000000,xx,00000000,0,0,0,0,xx,00000000,0,0,0,0,0,00000000,00000000
194,xx,xx,xx,xx,xx,1,x,xx,00000013,xx,xx,0,0,0,0,xx,00000000,xx,00000000,0,0,0,0,xx,00000000,0,0,0,0,0,00000000,00000000
195,xx,xx,xx,xx,xx,1,x,xx,00000013,xx,xx,0,0,0,0,xx,00000000,xx,00000000,0,0,0,0,xx,00000000,0,0,0,0,0,00000000,00000000
196,xx,xx,xx,xx,xx,1,x,xx,00000013,xx,xx,0,0,0,0,xx,00000000,xx,00000000,0,0,0,0,xx,00000000,0,0,0,0,0,00000000,00000000
197,xx,xx,xx,xx,xx,1,x,xx,00000013,xx,xx,0,0,0,0,xx,00000000,xx,00000000,0,0,0,0,xx,00000000,0,0,0,0,0,00000000,00000000
198,xx,xx,xx,xx,xx,1,x,xx,00000013,xx,xx,0,0,0,0,xx,00000000,xx,00000000,0,0,0,0,xx,00000000,0,0,0,0,0,00000000,00000000
199,xx,xx,xx,xx,xx,1,x,xx,00000013,xx,xx,0,0,0,0,xx,00000000,xx,00000000,0,0,0,0,xx,00000000,0,0,0,0,0,00000000,00000000
200,xx,xx,xx,xx,xx,1,x,xx,00000013,xx,xx,0,0,0,0,xx,00000000,xx,00000000,0,0,0,0,xx,00000000,0,0,0,0,0,00000000,00000000
201,xx,xx,xx,xx,xx,1,x,xx,00000013,xx,xx,0,0,0,0,xx,00000000,xx,00000000,0,0,0,0,xx,00000000,0,0,0,0,0,00000000,00000000
202,xx,xx,xx,xx,xx,1,x,xx,00000013,xx,xx,0,0,0,0,xx,00000000,xx,00000000,0,0,0,0,xx,00000000,0,0,0,0,0,00000000,00000000
203,xx,xx,xx,xx,xx,1,x,xx,00000013,xx,xx,0,0,0,0,xx,00000000,xx,00000000,0,0,0,0,xx,00000000,0,0,0,0,0,00000000,00000000
204,xx,xx,xx,xx,xx,1,x,xx,00000013,xx,xx,0,0,0,0,xx,00000000,xx,00000000,0,0,0,0,xx,00000000,0,0,0,0,0,00000000,00000000
205,xx,xx,xx,xx,xx,1,x,xx,00000013,xx,xx,0,0,0,0,xx,00000000,xx,00000000,0,0,0,0,xx,00000000,0,0,0,0,0,00000000,00000000
206,xx,xx,xx,xx,xx,1,x,xx,00000013,xx,xx,0,0,0,0,xx,00000000,xx,00000000,0,0,0,0,xx,00000000,0,0,0,0,0,00000000,00000000
207,xx,xx,xx,xx,xx,1,x,xx,00000013,xx,xx,0,0,0,0,xx,00000000,xx,00000000,0,0,0,0,xx,00000000,0,0,0,0,0,00000000,00000000
208,xx,xx,xx,xx,xx,1,x,xx,00000013,xx,xx,0,0,0,0,xx,00000000,xx,00000000,0,0,0,0,xx,00000000,0,0,0,0,0,00000000,00000000
209,xx,xx,xx,xx,xx,1,x,xx,00000013,xx,xx,0,0,0,0,xx,00000000,xx,00000000,0,0,0,0,xx,00000000,0,0,0,0,0,00000000,00000000
210,xx,xx,xx,xx,xx,1,x,xx,00000013,xx,xx,0,0,0,0,xx,00000000,xx,00000000,0,0,0,0,xx,00000000,0,0,0,0,0,00000000,00000000
211,xx,xx,xx,xx,xx,1,x,xx,00000013,xx,xx,0,0,0,0,xx,00000000,xx,00000000,0,0,0,0,xx,00000000,0,0,0,0,0,00000000,00000000
212,xx,xx,xx,xx,xx,1,x,xx,00000013,xx,xx,0,0,0,0,xx,00000000,xx,00000000,0,0,0,0,xx,00000000,0,0,0,0,0,00000000,00000000
213,xx,xx,xx,xx,xx,1,x,xx,00000013,xx,xx,0,0,0,0,xx,00000000,xx,00000000,0,0,0,0,xx,00000000,0,0,0,0,0,00000000,00000000
214,xx,xx,xx,xx,xx,1,x,xx,00000013,xx,xx,0,0,0,0,xx,00000000,xx,00000000,0,0,0,0,xx,00000000,0,0,0,0,0,00000000,00000000
215,xx,xx,xx,xx,xx,1,x,xx,00000013,xx,xx,0,0,0,0,xx,00000000,xx,00000000,0,0,0,0,xx,00000000,0,0,0,0,0,00000000,00000000
216,xx,xx,xx,xx,xx,1,x,xx,00000013,xx,xx,0,0,0,0,xx,00000000,xx,00000000,0,0,0,0,xx,00000000,0,0,0,0,0,00000000,00000000
217,xx,xx,xx,xx,xx,1,x,xx,00000013,xx,xx,0,0,0,0,xx,00000000,xx,00000000,0,0,0,0,xx,00000000,0,0,0,0,0,00000000,00000000
218,xx,xx,xx,xx,xx,1,x,xx,00000013,xx,xx,0,0,0,0,xx,00000000,xx,00000000,0,0,0,0,xx,00000000,0,0,0,0,0,00000000,00000000
219,xx,xx,xx,xx,xx,1,x,xx,00000013,xx,xx,0,0,0,0,xx,00000000,xx,00000000,0,0,0,0,xx,00000000,0,0,0,0,0,00000000,00000000
220,xx,xx,xx,xx,xx,1,x,xx,00000013,xx,xx,0,0,0,0,xx,00000000,xx,00000000,0,0,0,0,xx,00000000,0,0,0,0,0,00000000,00000000
221,xx,xx,xx,xx,xx,1,x,xx,00000013,xx,xx,0,0,0,0,xx,00000000,xx,00000000,0,0,0,0,xx,00000000,0,0,0,0,0,00000000,00000000
222,xx,xx,xx,xx,xx,1,x,xx,00000013,xx,xx,0,0,0,0,xx,00000000,xx,00000000,0,0,0,0,xx,00000000,0,0,0,0,0,00000000,00000000
223,xx,xx,xx,xx,xx,1,x,xx,00000013,xx,xx,0,0,0,0,xx,00000000,xx,00000000,0,0,0,0,xx,00000000,0,0,0,0,0,00000000,00000000
224,xx,xx,xx,xx,xx,1,x,xx,00000013,xx,xx,0,0,0,0,xx,00000000,xx,00000000,0,0,0,0,xx,00000000,0,0,0,0,0,00000000,00000000
225,xx,xx,xx,xx,xx,1,x,xx,00000013,xx,xx,0,0,0,0,xx,00000000,xx,00000000,0,0,0,0,xx,00000000,0,0,0,0,0,00000000,00000000
226,xx,xx,xx,xx,xx,1,x,xx,00000013,xx,xx,0,0,0,0,xx,00000000,xx,00000000,0,0,0,0,xx,00000000,0,0,0,0,0,00000000,00000000
227,xx,xx,xx,xx,xx,1,x,xx,00000013,xx,xx,0,0,0,0,xx,00000000,xx,00000000,0,0,0,0,xx,00000000,0,0,0,0,0,00000000,00000000
228,xx,xx,xx,xx,xx,1,x,xx,00000013,xx,xx,0,0,0,0,xx,00000000,xx,00000000,0,0,0,0,xx,00000000,0,0,0,0,0,00000000,00000000
229,xx,xx,xx,xx,xx,1,x,xx,00000013,xx,xx,0,0,0,0,xx,00000000,xx,00000000,0,0,0,0,xx,00000000,0,0,0,0,0,00000000,00000000
230,xx,xx,xx,xx,xx,1,x,xx,00000013,xx,xx,0,0,0,0,xx,00000000,xx,00000000,0,0,0,0,xx,00000000,0,0,0,0,0,00000000,00000000
231,xx,xx,xx,xx,xx,1,x,xx,00000013,xx,xx,0,0,0,0,xx,00000000,xx,00000000,0,0,0,0,xx,00000000,0,0,0,0,0,00000000,00000000
232,xx,xx,xx,xx,xx,1,x,xx,00000013,xx,xx,0,0,0,0,xx,00000000,xx,00000000,0,0,0,0,xx,00000000,0,0,0,0,0,00000000,00000000
233,xx,xx,xx,xx,xx,1,x,xx,00000013,xx,xx,0,0,0,0,xx,00000000,xx,00000000,0,0,0,0,xx,00000000,0,0,0,0,0,00000000,00000000
234,xx,xx,xx,xx,xx,1,x,xx,00000013,xx,xx,0,0,0,0,xx,00000000,xx,00000000,0,0,0,0,xx,00000000,0,0,0,0,0,00000000,00000000
235,xx,xx,xx,xx,xx,1,x,xx,00000013,xx,xx,0,0,0,0,xx,00000000,xx,00000000,0,0,0,0,xx,00000000,0,0,0,0,0,00000000,00000000
236,xx,xx,xx,xx,xx,1,x,xx,00000013,xx,xx,0,0,0,0,xx,00000000,xx,00000000,0,0,0,0,xx,00000000,0,0,0,0,0,00000000,00000000
237,xx,xx,xx,xx,xx,1,x,xx,00000013,xx,xx,0,0,0,0,xx,00000000,xx,00000000,0,0,0,0,xx,00000000,0,0,0,0,0,00000000,00000000
238,xx,xx,xx,xx,xx,1,x,xx,00000013,xx,xx,0,0,0,0,xx,00000000,xx,00000000,0,0,0,0,xx,00000000,0,0,0,0,0,00000000,00000000
239,xx,xx,xx,xx,xx,1,x,xx,00000013,xx,xx,0,0,0,0,xx,00000000,xx,00000000,0,0,0,0,xx,00000000,0,0,0,0,0,00000000,00000000
240,xx,xx,xx,xx,xx,1,x,xx,00000013,xx,xx,0,0,0,0,xx,00000000,xx,00000000,0,0,0,0,xx,00000000,0,0,0,0,0,00000000,00000000
241,xx,xx,xx,xx,xx,1,x,xx,00000013,xx,xx,0,0,0,0,xx,00000000,xx,00000000,0,0,0,0,xx,00000000,0,0,0,0,0,00000000,00000000
242,xx,xx,xx,xx,xx,1,x,xx,00000013,xx,xx,0,0,0,0,xx,00000000,xx,00000000,0,0,0,0,xx,00000000,0,0,0,0,0,00000000,00000000
243,xx,xx,xx,xx,xx,1,x,xx,00000013,xx,xx,0,0,0,0,xx,00000000,xx,00000000,0,0,0,0,xx,00000000,0,0,0,0,0,00000000,00000000
244,xx,xx,xx,xx,xx,1,x,xx,00000013,xx,xx,0,0,0,0,xx,00000000,xx,00000000,0,0,0,0,xx,00000000,0,0,0,0,0,00000000,00000000
245,xx,xx,xx,xx,xx,1,x,xx,00000013,xx,xx,0,0,0,0,xx,00000000,xx,00000000,0,0,0,0,xx,00000000,0,0,0,0,0,00000000,00000000
246,xx,xx,xx,xx,xx,1,x,xx,00000013,xx,xx,0,0,0,0,xx,00000000,xx,00000000,0,0,0,0,xx,00000000,0,0,0,0,0,00000000,00000000
247,xx,xx,xx,xx,xx,1,x,xx,00000013,xx,xx,0,0,0,0,xx,00000000,xx,00000000,0,0,0,0,xx,00000000,0,0,0,0,0,00000000,00000000
248,xx,xx,xx,xx,xx,1,x,xx,00000013,xx,xx,0,0,0,0,xx,00000000,xx,00000000,0,0,0,0,xx,00000000,0,0,0,0,0,00000000,00000000
249,xx,xx,xx,xx,xx,1,x,xx,00000013,xx,xx,0,0,0,0,xx,00000000,xx,00000000,0,0,0,0,xx,00000000,0,0,0,0,0,00000000,00000000
250,xx,xx,xx,xx,xx,1,x,xx,00000013,xx,xx,0,0,0,0,xx,00000000,xx,00000000,0,0,0,0,xx,00000000,0,0,0,0,0,00000000,00000000
251,xx,xx,xx,xx,xx,1,x,xx,00000013,xx,xx,0,0,0,0,xx,00000000,xx,00000000,0,0,0,0,xx,00000000,0,0,0,0,0,00000000,00000000
252,xx,xx,xx,xx,xx,1,x,xx,00000013,xx,xx,0,0,0,0,xx,00000000,xx,00000000,0,0,0,0,xx,00000000,0,0,0,0,0,00000000,00000000
253,xx,xx,xx,xx,xx,1,x,xx,00000013,xx,xx,0,0,0,0,xx,00000000,xx,00000000,0,0,0,0,xx,00000000,0,0,0,0,0,00000000,00000000
254,xx,xx,xx,xx,xx,1,x,xx,00000013,xx,xx,0,0,0,0,xx,00000000,xx,00000000,0,0,0,0,xx,00000000,0,0,0,0,0,00000000,00000000
255,xx,xx,xx,xx,xx,1,x,xx,00000013,xx,xx,0,0,0,0,xx,00000000,xx,00000000,0,0,0,0,xx,00000000,0,0,0,0,0,00000000,00000000
256,xx,xx,xx,xx,xx,1,x,xx,00000013,xx,xx,0,0,0,0,xx,00000000,xx,00000000,0,0,0,0,xx,00000000,0,0,0,0,0,00000000,00000000
257,xx,xx,xx,xx,xx,1,x,xx,00000013,xx,xx,0,0,0,0,xx,00000000,xx,00000000,0,0,0,0,xx,00000000,0,0,0,0,0,00000000,00000000
258,xx,xx,xx,xx,xx,1,x,xx,00000013,xx,xx,0,0,0,0,xx,00000000,xx,00000000,0,0,0,0,xx,00000000,0,0,0,0,0,00000000,00000000
259,xx,xx,xx,xx,xx,1,x,xx,00000013,xx,xx,0,0,0,0,xx,00000000,xx,00000000,0,0,0,0,xx,00000000,0,0,0,0,0,00000000,00000000
260,xx,xx,xx,xx,xx,1,x,xx,00000013,xx,xx,0,0,0,0,xx,00000000,xx,00000000,0,0,0,0,xx,00000000,0,0,0,0,0,00000000,00000000
261,xx,xx,xx,xx,xx,1,x,xx,00000013,xx,xx,0,0,0,0,xx,00000000,xx,00000000,0,0,0,0,xx,00000000,0,0,0,0,0,00000000,00000000
262,xx,xx,xx,xx,xx,1,x,xx,00000013,xx,xx,0,0,0,0,xx,00000000,xx,00000000,0,0,0,0,xx,00000000,0,0,0,0,0,00000000,00000000
263,xx,xx,xx,xx,xx,1,x,xx,00000013,xx,xx,0,0,0,0,xx,00000000,xx,00000000,0,0,0,0,xx,00000000,0,0,0,0,0,00000000,00000000
264,xx,xx,xx,xx,xx,1,x,xx,00000013,xx,xx,0,0,0,0,xx,00000000,xx,00000000,0,0,0,0,xx,00000000,0,0,0,0,0,00000000,00000000
265,xx,xx,xx,xx,xx,1,x,xx,00000013,xx,xx,0,0,0,0,xx,00000000,xx,00000000,0,0,0,0,xx,00000000,0,0,0,0,0,00000000,00000000
266,xx,xx,xx,xx,xx,1,x,xx,00000013,xx,xx,0,0,0,0,xx,00000000,xx,00000000,0,0,0,0,xx,00000000,0,0,0,0,0,00000000,00000000
267,xx,xx,xx,xx,xx,1,x,xx,00000013,xx,xx,0,0,0,0,xx,00000000,xx,00000000,0,0,0,0,xx,00000000,0,0,0,0,0,00000000,00000000
268,xx,xx,xx,xx,xx,1,x,xx,00000013,xx,xx,0,0,0,0,xx,00000000,xx,00000000,0,0,0,0,xx,00000000,0,0,0,0,0,00000000,00000000
269,xx,xx,xx,xx,xx,1,x,xx,00000013,xx,xx,0,0,0,0,xx,00000000,xx,00000000,0,0,0,0,xx,00000000,0,0,0,0,0,00000000,00000000
270,xx,xx,xx,xx,xx,1,x,xx,00000013,xx,xx,0,0,0,0,xx,00000000,xx,00000000,0,0,0,0,xx,00000000,0,0,0,0,0,00000000,00000000
271,xx,xx,xx,xx,xx,1,x,xx,00000013,xx,xx,0,0,0,0,xx,00000000,xx,00000000,0,0,0,0,xx,00000000,0,0,0,0,0,00000000,00000000
272,xx,xx,xx,xx,xx,1,x,xx,00000013,xx,xx,0,0,0,0,xx,00000000,xx,00000000,0,0,0,0,xx,00000000,0,0,0,0,0,00000000,00000000
273,xx,xx,xx,xx,xx,1,x,xx,00000013,xx,xx,0,0,0,0,xx,00000000,xx,00000000,0,0,0,0,xx,00000000,0,0,0,0,0,00000000,00000000
274,xx,xx,xx,xx,xx,1,x,xx,00000013,xx,xx,0,0,0,0,xx,00000000,xx,00000000,0,0,0,0,xx,00000000,0,0,0,0,0,00000000,00000000
275,xx,xx,xx,xx,xx,1,x,xx,00000013,xx,xx,0,0,0,0,xx,00000000,xx,00000000,0,0,0,0,xx,00000000,0,0,0,0,0,00000000,00000000
276,xx,xx,xx,xx,xx,1,x,xx,00000013,xx,xx,0,0,0,0,xx,00000000,xx,00000000,0,0,0,0,xx,00000000,0,0,0,0,0,00000000,00000000
277,xx,xx,xx,xx,xx,1,x,xx,00000013,xx,xx,0,0,0,0,xx,00000000,xx,00000000,0,0,0,0,xx,00000000,0,0,0,0,0,00000000,00000000
278,xx,xx,xx,xx,xx,1,x,xx,00000013,xx,xx,0,0,0,0,xx,00000000,xx,00000000,0,0,0,0,xx,00000000,0,0,0,0,0,00000000,00000000
279,xx,xx,xx,xx,xx,1,x,xx,00000013,xx,xx,0,0,0,0,xx,00000000,xx,00000000,0,0,0,0,xx,00000000,0,0,0,0,0,00000000,00000000
280,xx,xx,xx,xx,xx,1,x,xx,00000013,xx,xx,0,0,0,0,xx,00000000,xx,00000000,0,0,0,0,xx,00000000,0,0,0,0,0,00000000,00000000
281,xx,xx,xx,xx,xx,1,x,xx,00000013,xx,xx,0,0,0,0,xx,00000000,xx,00000000,0,0,0,0,xx,00000000,0,0,0,0,0,00000000,00000000
282,xx,xx,xx,xx,xx,1,x,xx,00000013,xx,xx,0,0,0,0,xx,00000000,xx,00000000,0,0,0,0,xx,00000000,0,0,0,0,0,00000000,00000000
283,xx,xx,xx,xx,xx,1,x,xx,00000013,xx,xx,0,0,0,0,xx,00000000,xx,00000000,0,0,0,0,xx,00000000,0,0,0,0,0,00000000,00000000
284,xx,xx,xx,xx,xx,1,x,xx,00000013,xx,xx,0,0,0,0,xx,00000000,xx,00000000,0,0,0,0,xx,00000000,0,0,0,0,0,00000000,00000000
285,xx,xx,xx,xx,xx,1,x,xx,00000013,xx,xx,0,0,0,0,xx,00000000,xx,00000000,0,0,0,0,xx,00000000,0,0,0,0,0,00000000,00000000
286,xx,xx,xx,xx,xx,1,x,xx,00000013,xx,xx,0,0,0,0,xx,00000000,xx,00000000,0,0,0,0,xx,00000000,0,0,0,0,0,00000000,00000000
287,xx,xx,xx,xx,xx,1,x,xx,00000013,xx,xx,0,0,0,0,xx,00000000,xx,00000000,0,0,0,0,xx,00000000,0,0,0,0,0,00000000,00000000
288,xx,xx,xx,xx,xx,1,x,xx,00000013,xx,xx,0,0,0,0,xx,00000000,xx,00000000,0,0,0,0,xx,00000000,0,0,0,0,0,00000000,00000000
289,xx,xx,xx,xx,xx,1,x,xx,00000013,xx,xx,0,0,0,0,xx,00000000,xx,00000000,0,0,0,0,xx,00000000,0,0,0,0,0,00000000,00000000
290,xx,xx,xx,xx,xx,1,x,xx,00000013,xx,xx,0,0,0,0,xx,00000000,xx,00000000,0,0,0,0,xx,00000000,0,0,0,0,0,00000000,00000000
291,xx,xx,xx,xx,xx,1,x,xx,00000013,xx,xx,0,0,0,0,xx,00000000,xx,00000000,0,0,0,0,xx,00000000,0,0,0,0,0,00000000,00000000
292,xx,xx,xx,xx,xx,1,x,xx,00000013,xx,xx,0,0,0,0,xx,00000000,xx,00000000,0,0,0,0,xx,00000000,0,0,0,0,0,00000000,00000000
293,xx,xx,xx,xx,xx,1,x,xx,00000013,xx,xx,0,0,0,0,xx,00000000,xx,00000000,0,0,0,0,xx,00000000,0,0,0,0,0,00000000,00000000
294,xx,xx,xx,xx,xx,1,x,xx,00000013,xx,xx,0,0,0,0,xx,00000000,xx,00000000,0,0,0,0,xx,00000000,0,0,0,0,0,00000000,00000000
295,xx,xx,xx,xx,xx,1,x,xx,00000013,xx,xx,0,0,0,0,xx,00000000,xx,00000000,0,0,0,0,xx,00000000,0,0,0,0,0,00000000,00000000
296,xx,xx,xx,xx,xx,1,x,xx,00000013,xx,xx,0,0,0,0,xx,00000000,xx,00000000,0,0,0,0,xx,00000000,0,0,0,0,0,00000000,00000000
297,xx,xx,xx,xx,xx,1,x,xx,00000013,xx,xx,0,0,0,0,xx,00000000,xx,00000000,0,0,0,0,xx,00000000,0,0,0,0,0,00000000,00000000
298,xx,xx,xx,xx,xx,1,x,xx,00000013,xx,xx,0,0,0,0,xx,00000000,xx,00000000,0,0,0,0,xx,00000000,0,0,0,0,0,00000000,00000000
299,xx,xx,xx,xx,xx,1,x,xx,00000013,xx,xx,0,0,0,0,xx,00000000,xx,00000000,0,0,0,0,xx,00000000,0,0,0,0,0,00000000,00000000
300,xx,xx,xx,xx,xx,1,x,xx,00000013,xx,xx,0,0,0,0,xx,00000000,xx,00000000,0,0,0,0,xx,00000000,0,0,0,0,0,00000000,00000000
301,xx,xx,xx,xx,xx,1,x,xx,00000013,xx,xx,0,0,0,0,xx,00000000,xx,00000000,0,0,0,0,xx,00000000,0,0,0,0,0,00000000,00000000
302,xx,xx,xx,xx,xx,1,x,xx,00000013,xx,xx,0,0,0,0,xx,00000000,xx,00000000,0,0,0,0,xx,00000000,0,0,0,0,0,00000000,00000000
303,xx,xx,xx,xx,xx,1,x,xx,00000013,xx,xx,0,0,0,0,xx,00000000,xx,00000000,0,0,0,0,xx,00000000,0,0,0,0,0,00000000,00000000
304,xx,xx,xx,xx,xx,1,x,xx,00000013,xx,xx,0,0,0,0,xx,00000000,xx,00000000,0,0,0,0,xx,00000000,0,0,0,0,0,00000000,00000000
305,xx,xx,xx,xx,xx,1,x,xx,00000013,xx,xx,0,0,0,0,xx,00000000,xx,00000000,0,0,0,0,xx,00000000,0,0,0,0,0,00000000,00000000
306,xx,xx,xx,xx,xx,1,x,xx,00000013,xx,xx,0,0,0,0,xx,00000000,xx,00000000,0,0,0,0,xx,00000000,0,0,0,0,0,00000000,00000000
307,xx,xx,xx,xx,xx,1,x,xx,00000013,xx,xx,0,0,0,0,xx,00000000,xx,00000000,0,0,0,0,xx,00000000,0,0,0,0,0,00000000,00000000
308,xx,xx,xx,xx,xx,1,x,xx,00000013,xx,xx,0,0,0,0,xx,00000000,xx,00000000,0,0,0,0,xx,00000000,0,0,0,0,0,00000000,00000000
309,xx,xx,xx,xx,xx,1,x,xx,00000013,xx,xx,0,0,0,0,xx,00000000,xx,00000000,0,0,0,0,xx,00000000,0,0,0,0,0,00000000,00000000
310,xx,xx,xx,xx,xx,1,x,xx,00000013,xx,xx,0,0,0,0,xx,00000000,xx,00000000,0,0,0,0,xx,00000000,0,0,0,0,0,00000000,00000000
311,xx,xx,xx,xx,xx,1,x,xx,00000013,xx,xx,0,0,0,0,xx,00000000,xx,00000000,0,0,0,0,xx,00000000,0,0,0,0,0,00000000,00000000
312,xx,xx,xx,xx,xx,1,x,xx,00000013,xx,xx,0,0,0,0,xx,00000000,xx,00000000,0,0,0,0,xx,00000000,0,0,0,0,0,00000000,00000000
313,xx,xx,xx,xx,xx,1,x,xx,00000013,xx,xx,0,0,0,0,xx,00000000,xx,00000000,0,0,0,0,xx,00000000,0,0,0,0,0,00000000,00000000
314,xx,xx,xx,xx,xx,1,x,xx,00000013,xx,xx,0,0,0,0,xx,00000000,xx,00000000,0,0,0,0,xx,00000000,0,0,0,0,0,00000000,00000000
315,xx,xx,xx,xx,xx,1,x,xx,00000013,xx,xx,0,0,0,0,xx,00000000,xx,00000000,0,0,0,0,xx,00000000,0,0,0,0,0,00000000,00000000
316,xx,xx,xx,xx,xx,1,x,xx,00000013,xx,xx,0,0,0,0,xx,00000000,xx,00000000,0,0,0,0,xx,00000000,0,0,0,0,0,00000000,00000000
317,xx,xx,xx,xx,xx,1,x,xx,00000013,xx,xx,0,0,0,0,xx,00000000,xx,00000000,0,0,0,0,xx,00000000,0,0,0,0,0,00000000,00000000
318,xx,xx,xx,xx,xx,1,x,xx,00000013,xx,xx,0,0,0,0,xx,00000000,xx,00000000,0,0,0,0,xx,00000000,0,0,0,0,0,00000000,00000000
319,xx,xx,xx,xx,xx,1,x,xx,00000013,xx,xx,0,0,0,0,xx,00000000,xx,00000000,0,0,0,0,xx,00000000,0,0,0,0,0,00000000,00000000
320,xx,xx,xx,xx,xx,1,x,xx,00000013,xx,xx,0,0,0,0,xx,00000000,xx,00000000,0,0,0,0,xx,00000000,0,0,0,0,0,00000000,00000000
321,xx,xx,xx,xx,xx,1,x,xx,00000013,xx,xx,0,0,0,0,xx,00000000,xx,00000000,0,0,0,0,xx,00000000,0,0,0,0,0,00000000,00000000
322,xx,xx,xx,xx,xx,1,x,xx,00000013,xx,xx,0,0,0,0,xx,00000000,xx,00000000,0,0,0,0,xx,00000000,0,0,0,0,0,00000000,00000000
323,xx,xx,xx,xx,xx,1,x,xx,00000013,xx,xx,0,0,0,0,xx,00000000,xx,00000000,0,0,0,0,xx,00000000,0,0,0,0,0,00000000,00000000
324,xx,xx,xx,xx,xx,1,x,xx,00000013,xx,xx,0,0,0,0,xx,00000000,xx,00000000,0,0,0,0,xx,00000000,0,0,0,0,0,00000000,00000000
325,xx,xx,xx,xx,xx,1,x,xx,00000013,xx,xx,0,0,0,0,xx,00000000,xx,00000000,0,0,0,0,xx,00000000,0,0,0,0,0,00000000,00000000
326,xx,xx,xx,xx,xx,1,x,xx,00000013,xx,xx,0,0,0,0,xx,00000000,xx,00000000,0,0,0,0,xx,00000000,0,0,0,0,0,00000000,00000000
327,xx,xx,xx,xx,xx,1,x,xx,00000013,xx,xx,0,0,0,0,xx,00000000,xx,00000000,0,0,0,0,xx,00000000,0,0,0,0,0,00000000,00000000
328,xx,xx,xx,xx,xx,1,x,xx,00000013,xx,xx,0,0,0,0,xx,00000000,xx,00000000,0,0,0,0,xx,00000000,0,0,0,0,0,00000000,00000000
329,xx,xx,xx,xx,xx,1,x,xx,00000013,xx,xx,0,0,0,0,xx,00000000,xx,00000000,0,0,0,0,xx,00000000,0,0,0,0,0,00000000,00000000
330,xx,xx,xx,xx,xx,1,x,xx,00000013,xx,xx,0,0,0,0,xx,00000000,xx,00000000,0,0,0,0,xx,00000000,0,0,0,0,0,00000000,00000000
331,xx,xx,xx,xx,xx,1,x,xx,00000013,xx,xx,0,0,0,0,xx,00000000,xx,00000000,0,0,0,0,xx,00000000,0,0,0,0,0,00000000,00000000
332,xx,xx,xx,xx,xx,1,x,xx,00000013,xx,xx,0,0,0,0,xx,00000000,xx,00000000,0,0,0,0,xx,00000000,0,0,0,0,0,00000000,00000000
333,xx,xx,xx,xx,xx,1,x,xx,00000013,xx,xx,0,0,0,0,xx,00000000,xx,00000000,0,0,0,0,xx,00000000,0,0,0,0,0,00000000,00000000
334,xx,xx,xx,xx,xx,1,x,xx,00000013,xx,xx,0,0,0,0,xx,00000000,xx,00000000,0,0,0,0,xx,00000000,0,0,0,0,0,00000000,00000000
335,xx,xx,xx,xx,xx,1,x,xx,00000013,xx,xx,0,0,0,0,xx,00000000,xx,00000000,0,0,0,0,xx,00000000,0,0,0,0,0,00000000,00000000
336,xx,xx,xx,xx,xx,1,x,xx,00000013,xx,xx,0,0,0,0,xx,00000000,xx,00000000,0,0,0,0,xx,00000000,0,0,0,0,0,00000000,00000000
337,xx,xx,xx,xx,xx,1,x,xx,00000013,xx,xx,0,0,0,0,xx,00000000,xx,00000000,0,0,0,0,xx,00000000,0,0,0,0,0,00000000,00000000
338,xx,xx,xx,xx,xx,1,x,xx,00000013,xx,xx,0,0,0,0,xx,00000000,xx,00000000,0,0,0,0,xx,00000000,0,0,0,0,0,00000000,00000000
339,xx,xx,xx,xx,xx,1,x,xx,00000013,xx,xx,0,0,0,0,xx,00000000,xx,00000000,0,0,0,0,xx,00000000,0,0,0,0,0,00000000,00000000
340,xx,xx,xx,xx,xx,1,x,xx,00000013,xx,xx,0,0,0,0,xx,00000000,xx,00000000,0,0,0,0,xx,00000000,0,0,0,0,0,00000000,00000000
341,xx,xx,xx,xx,xx,1,x,xx,00000013,xx,xx,0,0,0,0,xx,00000000,xx,00000000,0,0,0,0,xx,00000000,0,0,0,0,0,00000000,00000000
342,xx,xx,xx,xx,xx,1,x,xx,00000013,xx,xx,0,0,0,0,xx,00000000,xx,00000000,0,0,0,0,xx,00000000,0,0,0,0,0,00000000,00000000
343,xx,xx,xx,xx,xx,1,x,xx,00000013,xx,xx,0,0,0,0,xx,00000000,xx,00000000,0,0,0,0,xx,00000000,0,0,0,0,0,00000000,00000000
344,xx,xx,xx,xx,xx,1,x,xx,00000013,xx,xx,0,0,0,0,xx,00000000,xx,00000000,0,0,0,0,xx,00000000,0,0,0,0,0,00000000,00000000
345,xx,xx,xx,xx,xx,1,x,xx,00000013,xx,xx,0,0,0,0,xx,00000000,xx,00000000,0,0,0,0,xx,00000000,0,0,0,0,0,00000000,00000000
346,xx,xx,xx,xx,xx,1,x,xx,00000013,xx,xx,0,0,0,0,xx,00000000,xx,00000000,0,0,0,0,xx,00000000,0,0,0,0,0,00000000,00000000
347,xx,xx,xx,xx,xx,1,x,xx,00000013,xx,xx,0,0,0,0,xx,00000000,xx,00000000,0,0,0,0,xx,00000000,0,0,0,0,0,00000000,00000000
348,xx,xx,xx,xx,xx,1,x,xx,00000013,xx,xx,0,0,0,0,xx,00000000,xx,00000000,0,0,0,0,xx,00000000,0,0,0,0,0,00000000,00000000
349,xx,xx,xx,xx,xx,1,x,xx,00000013,xx,xx,0,0,0,0,xx,00000000,xx,00000000,0,0,0,0,xx,00000000,0,0,0,0,0,00000000,00000000
350,xx,xx,xx,xx,xx,1,x,xx,00000013,xx,xx,0,0,0,0,xx,00000000,xx,00000000,0,0,0,0,xx,00000000,0,0,0,0,0,00000000,00000000
351,xx,xx,xx,xx,xx,1,x,xx,00000013,xx,xx,0,0,0,0,xx,00000000,xx,00000000,0,0,0,0,xx,00000000,0,0,0,0,0,00000000,00000000
352,xx,xx,xx,xx,xx,1,x,xx,00000013,xx,xx,0,0,0,0,xx,00000000,xx,00000000,0,0,0,0,xx,00000000,0,0,0,0,0,00000000,00000000
353,xx,xx,xx,xx,xx,1,x,xx,00000013,xx,xx,0,0,0,0,xx,00000000,xx,00000000,0,0,0,0,xx,00000000,0,0,0,0,0,00000000,00000000
354,xx,xx,xx,xx,xx,1,x,xx,00000013,xx,xx,0,0,0,0,xx,00000000,xx,00000000,0,0,0,0,xx,00000000,0,0,0,0,0,00000000,00000000
355,xx,xx,xx,xx,xx,1,x,xx,00000013,xx,xx,0,0,0,0,xx,00000000,xx,00000000,0,0,0,0,xx,00000000,0,0,0,0,0,00000000,00000000
356,xx,xx,xx,xx,xx,1,x,xx,00000013,xx,xx,0,0,0,0,xx,00000000,xx,00000000,0,0,0,0,xx,00000000,0,0,0,0,0,00000000,00000000
357,xx,xx,xx,xx,xx,1,x,xx,00000013,xx,xx,0,0,0,0,xx,00000000,xx,00000000,0,0,0,0,xx,00000000,0,0,0,0,0,00000000,00000000
358,xx,xx,xx,xx,xx,1,x,xx,00000013,xx,xx,0,0,0,0,xx,00000000,xx,00000000,0,0,0,0,xx,00000000,0,0,0,0,0,00000000,00000000
359,xx,xx,xx,xx,xx,1,x,xx,00000013,xx,xx,0,0,0,0,xx,00000000,xx,00000000,0,0,0,0,xx,00000000,0,0,0,0,0,00000000,00000000
360,xx,xx,xx,xx,xx,1,x,xx,00000013,xx,xx,0,0,0,0,xx,00000000,xx,00000000,0,0,0,0,xx,00000000,0,0,0,0,0,00000000,00000000
361,xx,xx,xx,xx,xx,1,x,xx,00000013,xx,xx,0,0,0,0,xx,00000000,xx,00000000,0,0,0,0,xx,00000000,0,0,0,0,0,00000000,00000000
362,xx,xx,xx,xx,xx,1,x,xx,00000013,xx,xx,0,0,0,0,xx,00000000,xx,00000000,0,0,0,0,xx,00000000,0,0,0,0,0,00000000,00000000
363,xx,xx,xx,xx,xx,1,x,xx,00000013,xx,xx,0,0,0,0,xx,00000000,xx,00000000,0,0,0,0,xx,00000000,0,0,0,0,0,00000000,00000000
364,xx,xx,xx,xx,xx,1,x,xx,00000013,xx,xx,0,0,0,0,xx,00000000,xx,00000000,0,0,0,0,xx,00000000,0,0,0,0,0,00000000,00000000
365,xx,xx,xx,xx,xx,1,x,xx,00000013,xx,xx,0,0,0,0,xx,00000000,xx,00000000,0,0,0,0,xx,00000000,0,0,0,0,0,00000000,00000000
366,xx,xx,xx,xx,xx,1,x,xx,00000013,xx,xx,0,0,0,0,xx,00000000,xx,00000000,0,0,0,0,xx,00000000,0,0,0,0,0,00000000,00000000
367,xx,xx,xx,xx,xx,1,x,xx,00000013,xx,xx,0,0,0,0,xx,00000000,xx,00000000,0,0,0,0,xx,00000000,0,0,0,0,0,00000000,00000000
368,xx,xx,xx,xx,xx,1,x,xx,00000013,xx,xx,0,0,0,0,xx,00000000,xx,00000000,0,0,0,0,xx,00000000,0,0,0,0,0,00000000,00000000
369,xx,xx,xx,xx,xx,1,x,xx,00000013,xx,xx,0,0,0,0,xx,00000000,xx,00000000,0,0,0,0,xx,00000000,0,0,0,0,0,00000000,00000000
370,xx,xx,xx,xx,xx,1,x,xx,00000013,xx,xx,0,0,0,0,xx,00000000,xx,00000000,0,0,0,0,xx,00000000,0,0,0,0,0,00000000,00000000
371,xx,xx,xx,xx,xx,1,x,xx,00000013,xx,xx,0,0,0,0,xx,00000000,xx,00000000,0,0,0,0,xx,00000000,0,0,0,0,0,00000000,00000000
372,xx,xx,xx,xx,xx,1,x,xx,00000013,xx,xx,0,0,0,0,xx,00000000,xx,00000000,0,0,0,0,xx,00000000,0,0,0,0,0,00000000,00000000
373,xx,xx,xx,xx,xx,1,x,xx,00000013,xx,xx,0,0,0,0,xx,00000000,xx,00000000,0,0,0,0,xx,00000000,0,0,0,0,0,00000000,00000000
374,xx,xx,xx,xx,xx,1,x,xx,00000013,xx,xx,0,0,0,0,xx,00000000,xx,00000000,0,0,0,0,xx,00000000,0,0,0,0,0,00000000,00000000
375,xx,xx,xx,xx,xx,1,x,xx,00000013,xx,xx,0,0,0,0,xx,00000000,xx,00000000,0,0,0,0,xx,00000000,0,0,0,0,0,00000000,00000000
376,xx,xx,xx,xx,xx,1,x,xx,00000013,xx,xx,0,0,0,0,xx,00000000,xx,00000000,0,0,0,0,xx,00000000,0,0,0,0,0,00000000,00000000
377,xx,xx,xx,xx,xx,1,x,xx,00000013,xx,xx,0,0,0,0,xx,00000000,xx,00000000,0,0,0,0,xx,00000000,0,0,0,0,0,00000000,00000000
378,xx,xx,xx,xx,xx,1,x,xx,00000013,xx,xx,0,0,0,0,xx,00000000,xx,00000000,0,0,0,0,xx,00000000,0,0,0,0,0,00000000,00000000
379,xx,xx,xx,xx,xx,1,x,xx,00000013,xx,xx,0,0,0,0,xx,00000000,xx,00000000,0,0,0,0,xx,00000000,0,0,0,0,0,00000000,00000000
380,xx,xx,xx,xx,xx,1,x,xx,00000013,xx,xx,0,0,0,0,xx,00000000,xx,00000000,0,0,0,0,xx,00000000,0,0,0,0,0,00000000,00000000
381,xx,xx,xx,xx,xx,1,x,xx,00000013,xx,xx,0,0,0,0,xx,00000000,xx,00000000,0,0,0,0,xx,00000000,0,0,0,0,0,00000000,00000000
382,xx,xx,xx,xx,xx,1,x,xx,00000013,xx,xx,0,0,0,0,xx,00000000,xx,00000000,0,0,0,0,xx,00000000,0,0,0,0,0,00000000,00000000
383,xx,xx,xx,xx,xx,1,x,xx,00000013,xx,xx,0,0,0,0,xx,00000000,xx,00000000,0,0,0,0,xx,00000000,0,0,0,0,0,00000000,00000000
384,xx,xx,xx,xx,xx,1,x,xx,00000013,xx,xx,0,0,0,0,xx,00000000,xx,00000000,0,0,0,0,xx,00000000,0,0,0,0,0,00000000,00000000
385,xx,xx,xx,xx,xx,1,x,xx,00000013,xx,xx,0,0,0,0,xx,00000000,xx,00000000,0,0,0,0,xx,00000000,0,0,0,0,0,00000000,00000000
386,xx,xx,xx,xx,xx,1,x,xx,00000013,xx,xx,0,0,0,0,xx,00000000,xx,00000000,0,0,0,0,xx,00000000,0,0,0,0,0,00000000,00000000
387,xx,xx,xx,xx,xx,1,x,xx,00000013,xx,xx,0,0,0,0,xx,00000000,xx,00000000,0,0,0,0,xx,00000000,0,0,0,0,0,00000000,00000000
388,xx,xx,xx,xx,xx,1,x,xx,00000013,xx,xx,0,0,0,0,xx,00000000,xx,00000000,0,0,0,0,xx,00000000,0,0,0,0,0,00000000,00000000
389,xx,xx,xx,xx,xx,1,x,xx,00000013,xx,xx,0,0,0,0,xx,00000000,xx,00000000,0,0,0,0,xx,00000000,0,0,0,0,0,00000000,00000000
390,xx,xx,xx,xx,xx,1,x,xx,00000013,xx,xx,0,0,0,0,xx,00000000,xx,00000000,0,0,0,0,xx,00000000,0,0,0,0,0,00000000,00000000
391,xx,xx,xx,xx,xx,1,x,xx,00000013,xx,xx,0,0,0,0,xx,00000000,xx,00000000,0,0,0,0,xx,00000000,0,0,0,0,0,00000000,00000000
392,xx,xx,xx,xx,xx,1,x,xx,00000013,xx,xx,0,0,0,0,xx,00000000,xx,00000000,0,0,0,0,xx,00000000,0,0,0,0,0,00000000,00000000
393,xx,xx,xx,xx,xx,1,x,xx,00000013,xx,xx,0,0,0,0,xx,00000000,xx,00000000,0,0,0,0,xx,00000000,0,0,0,0,0,00000000,00000000
394,xx,xx,xx,xx,xx,1,x,xx,00000013,xx,xx,0,0,0,0,xx,00000000,xx,00000000,0,0,0,0,xx,00000000,0,0,0,0,0,00000000,00000000
395,xx,xx,xx,xx,xx,1,x,xx,00000013,xx,xx,0,0,0,0,xx,00000000,xx,00000000,0,0,0,0,xx,00000000,0,0,0,0,0,00000000,00000000
396,xx,xx,xx,xx,xx,1,x,xx,00000013,xx,xx,0,0,0,0,xx,00000000,xx,00000000,0,0,0,0,xx,00000000,0,0,0,0,0,00000000,00000000
397,xx,xx,xx,xx,xx,1,x,xx,00000013,xx,xx,0,0,0,0,xx,00000000,xx,00000000,0,0,0,0,xx,00000000,0,0,0,0,0,00000000,00000000
398,xx,xx,xx,xx,xx,1,x,xx,00000013,xx,xx,0,0,0,0,xx,00000000,xx,00000000,0,0,0,0,xx,00000000,0,0,0,0,0,00000000,00000000
399,xx,xx,xx,xx,xx,1,x,xx,00000013,xx,xx,0,0,0,0,xx,00000000,xx,00000000,0,0,0,0,xx,00000000,0,0,0,0,0,00000000,00000000
400,xx,xx,xx,xx,xx,1,x,xx,00000013,xx,xx,0,0,0,0,xx,00000000,xx,00000000,0,0,0,0,xx,00000000,0,0,0,0,0,00000000,00000000
401,xx,xx,xx,xx,xx,1,x,xx,00000013,xx,xx,0,0,0,0,xx,00000000,xx,00000000,0,0,0,0,xx,00000000,0,0,0,0,0,00000000,00000000
402,xx,xx,xx,xx,xx,1,x,xx,00000013,xx,xx,0,0,0,0,xx,00000000,xx,00000000,0,0,0,0,xx,00000000,0,0,0,0,0,00000000,00000000
403,xx,xx,xx,xx,xx,1,x,xx,00000013,xx,xx,0,0,0,0,xx,00000000,xx,00000000,0,0,0,0,xx,00000000,0,0,0,0,0,00000000,00000000
404,xx,xx,xx,xx,xx,1,x,xx,00000013,xx,xx,0,0,0,0,xx,00000000,xx,00000000,0,0,0,0,xx,00000000,0,0,0,0,0,00000000,00000000
405,xx,xx,xx,xx,xx,1,x,xx,00000013,xx,xx,0,0,0,0,xx,00000000,xx,00000000,0,0,0,0,xx,00000000,0,0,0,0,0,00000000,00000000
406,xx,xx,xx,xx,xx,1,x,xx,00000013,xx,xx,0,0,0,0,xx,00000000,xx,00000000,0,0,0,0,xx,00000000,0,0,0,0,0,00000000,00000000
407,xx,xx,xx,xx,xx,1,x,xx,00000013,xx,xx,0,0,0,0,xx,00000000,xx,00000000,0,0,0,0,xx,00000000,0,0,0,0,0,00000000,00000000
408,xx,xx,xx,xx,xx,1,x,xx,00000013,xx,xx,0,0,0,0,xx,00000000,xx,00000000,0,0,0,0,xx,00000000,0,0,0,0,0,00000000,00000000
409,xx,xx,xx,xx,xx,1,x,xx,00000013,xx,xx,0,0,0,0,xx,00000000,xx,00000000,0,0,0,0,xx,00000000,0,0,0,0,0,00000000,00000000
410,xx,xx,xx,xx,xx,1,x,xx,00000013,xx,xx,0,0,0,0,xx,00000000,xx,00000000,0,0,0,0,xx,00000000,0,0,0,0,0,00000000,00000000
411,xx,xx,xx,xx,xx,1,x,xx,00000013,xx,xx,0,0,0,0,xx,00000000,xx,00000000,0,0,0,0,xx,00000000,0,0,0,0,0,00000000,00000000
412,xx,xx,xx,xx,xx,1,x,xx,00000013,xx,xx,0,0,0,0,xx,00000000,xx,00000000,0,0,0,0,xx,00000000,0,0,0,0,0,00000000,00000000
413,xx,xx,xx,xx,xx,1,x,xx,00000013,xx,xx,0,0,0,0,xx,00000000,xx,00000000,0,0,0,0,xx,00000000,0,0,0,0,0,00000000,00000000
414,xx,xx,xx,xx,xx,1,x,xx,00000013,xx,xx,0,0,0,0,xx,00000000,xx,00000000,0,0,0,0,xx,00000000,0,0,0,0,0,00000000,00000000
415,xx,xx,xx,xx,xx,1,x,xx,00000013,xx,xx,0,0,0,0,xx,00000000,xx,00000000,0,0,0,0,xx,00000000,0,0,0,0,0,00000000,00000000
416,xx,xx,xx,xx,xx,1,x,xx,00000013,xx,xx,0,0,0,0,xx,00000000,xx,00000000,0,0,0,0,xx,00000000,0,0,0,0,0,00000000,00000000
417,xx,xx,xx,xx,xx,1,x,xx,00000013,xx,xx,0,0,0,0,xx,00000000,xx,00000000,0,0,0,0,xx,00000000,0,0,0,0,0,00000000,00000000
418,xx,xx,xx,xx,xx,1,x,xx,00000013,xx,xx,0,0,0,0,xx,00000000,xx,00000000,0,0,0,0,xx,00000000,0,0,0,0,0,00000000,00000000
419,xx,xx,xx,xx,xx,1,x,xx,00000013,xx,xx,0,0,0,0,xx,00000000,xx,00000000,0,0,0,0,xx,00000000,0,0,0,0,0,00000000,00000000
420,xx,xx,xx,xx,xx,1,x,xx,00000013,xx,xx,0,0,0,0,xx,00000000,xx,00000000,0,0,0,0,xx,00000000,0,0,0,0,0,00000000,00000000
421,xx,xx,xx,xx,xx,1,x,xx,00000013,xx,xx,0,0,0,0,xx,00000000,xx,00000000,0,0,0,0,xx,00000000,0,0,0,0,0,00000000,00000000
422,xx,xx,xx,xx,xx,1,x,xx,00000013,xx,xx,0,0,0,0,xx,00000000,xx,00000000,0,0,0,0,xx,00000000,0,0,0,0,0,00000000,00000000
423,xx,xx,xx,xx,xx,1,x,xx,00000013,xx,xx,0,0,0,0,xx,00000000,xx,00000000,0,0,0,0,xx,00000000,0,0,0,0,0,00000000,00000000
424,xx,xx,xx,xx,xx,1,x,xx,00000013,xx,xx,0,0,0,0,xx,00000000,xx,00000000,0,0,0,0,xx,00000000,0,0,0,0,0,00000000,00000000
425,xx,xx,xx,xx,xx,1,x,xx,00000013,xx,xx,0,0,0,0,xx,00000000,xx,00000000,0,0,0,0,xx,00000000,0,0,0,0,0,00000000,00000000
426,xx,xx,xx,xx,xx,1,x,xx,00000013,xx,xx,0,0,0,0,xx,00000000,xx,00000000,0,0,0,0,xx,00000000,0,0,0,0,0,00000000,00000000
427,xx,xx,xx,xx,xx,1,x,xx,00000013,xx,xx,0,0,0,0,xx,00000000,xx,00000000,0,0,0,0,xx,00000000,0,0,0,0,0,00000000,00000000
428,xx,xx,xx,xx,xx,1,x,xx,00000013,xx,xx,0,0,0,0,xx,00000000,xx,00000000,0,0,0,0,xx,00000000,0,0,0,0,0,00000000,00000000
429,xx,xx,xx,xx,xx,1,x,xx,00000013,xx,xx,0,0,0,0,xx,00000000,xx,00000000,0,0,0,0,xx,00000000,0,0,0,0,0,00000000,00000000
430,xx,xx,xx,xx,xx,1,x,xx,00000013,xx,xx,0,0,0,0,xx,00000000,xx,00000000,0,0,0,0,xx,00000000,0,0,0,0,0,00000000,00000000
431,xx,xx,xx,xx,xx,1,x,xx,00000013,xx,xx,0,0,0,0,xx,00000000,xx,00000000,0,0,0,0,xx,00000000,0,0,0,0,0,00000000,00000000
432,xx,xx,xx,xx,xx,1,x,xx,00000013,xx,xx,0,0,0,0,xx,00000000,xx,00000000,0,0,0,0,xx,00000000,0,0,0,0,0,00000000,00000000
433,xx,xx,xx,xx,xx,1,x,xx,00000013,xx,xx,0,0,0,0,xx,00000000,xx,00000000,0,0,0,0,xx,00000000,0,0,0,0,0,00000000,00000000
434,xx,xx,xx,xx,xx,1,x,xx,00000013,xx,xx,0,0,0,0,xx,00000000,xx,00000000,0,0,0,0,xx,00000000,0,0,0,0,0,00000000,00000000
435,xx,xx,xx,xx,xx,1,x,xx,00000013,xx,xx,0,0,0,0,xx,00000000,xx,00000000,0,0,0,0,xx,00000000,0,0,0,0,0,00000000,00000000
436,xx,xx,xx,xx,xx,1,x,xx,00000013,xx,xx,0,0,0,0,xx,00000000,xx,00000000,0,0,0,0,xx,00000000,0,0,0,0,0,00000000,00000000
437,xx,xx,xx,xx,xx,1,x,xx,00000013,xx,xx,0,0,0,0,xx,00000000,xx,00000000,0,0,0,0,xx,00000000,0,0,0,0,0,00000000,00000000
438,xx,xx,xx,xx,xx,1,x,xx,00000013,xx,xx,0,0,0,0,xx,00000000,xx,00000000,0,0,0,0,xx,00000000,0,0,0,0,0,00000000,00000000
439,xx,xx,xx,xx,xx,1,x,xx,00000013,xx,xx,0,0,0,0,xx,00000000,xx,00000000,0,0,0,0,xx,00000000,0,0,0,0,0,00000000,00000000
440,xx,xx,xx,xx,xx,1,x,xx,00000013,xx,xx,0,0,0,0,xx,00000000,xx,00000000,0,0,0,0,xx,00000000,0,0,0,0,0,00000000,00000000
441,xx,xx,xx,xx,xx,1,x,xx,00000013,xx,xx,0,0,0,0,xx,00000000,xx,00000000,0,0,0,0,xx,00000000,0,0,0,0,0,00000000,00000000
442,xx,xx,xx,xx,xx,1,x,xx,00000013,xx,xx,0,0,0,0,xx,00000000,xx,00000000,0,0,0,0,xx,00000000,0,0,0,0,0,00000000,00000000
443,xx,xx,xx,xx,xx,1,x,xx,00000013,xx,xx,0,0,0,0,xx,00000000,xx,00000000,0,0,0,0,xx,00000000,0,0,0,0,0,00000000,00000000
444,xx,xx,xx,xx,xx,1,x,xx,00000013,xx,xx,0,0,0,0,xx,00000000,xx,00000000,0,0,0,0,xx,00000000,0,0,0,0,0,00000000,00000000
445,xx,xx,xx,xx,xx,1,x,xx,00000013,xx,xx,0,0,0,0,xx,00000000,xx,00000000,0,0,0,0,xx,00000000,0,0,0,0,0,00000000,00000000
446,xx,xx,xx,xx,xx,1,x,xx,00000013,xx,xx,0,0,0,0,xx,00000000,xx,00000000,0,0,0,0,xx,00000000,0,0,0,0,0,00000000,00000000
447,xx,xx,xx,xx,xx,1,x,xx,00000013,xx,xx,0,0,0,0,xx,00000000,xx,00000000,0,0,0,0,xx,00000000,0,0,0,0,0,00000000,00000000
448,xx,xx,xx,xx,xx,1,x,xx,00000013,xx,xx,0,0,0,0,xx,00000000,xx,00000000,0,0,0,0,xx,00000000,0,0,0,0,0,00000000,00000000
449,xx,xx,xx,xx,xx,1,x,xx,00000013,xx,xx,0,0,0,0,xx,00000000,xx,00000000,0,0,0,0,xx,00000000,0,0,0,0,0,00000000,00000000
450,xx,xx,xx,xx,xx,1,x,xx,00000013,xx,xx,0,0,0,0,xx,00000000,xx,00000000,0,0,0,0,xx,00000000,0,0,0,0,0,00000000,00000000
451,xx,xx,xx,xx,xx,1,x,xx,00000013,xx,xx,0,0,0,0,xx,00000000,xx,00000000,0,0,0,0,xx,00000000,0,0,0,0,0,00000000,00000000
452,xx,xx,xx,xx,xx,1,x,xx,00000013,xx,xx,0,0,0,0,xx,00000000,xx,00000000,0,0,0,0,xx,00000000,0,0,0,0,0,00000000,00000000
453,xx,xx,xx,xx,xx,1,x,xx,00000013,xx,xx,0,0,0,0,xx,00000000,xx,00000000,0,0,0,0,xx,00000000,0,0,0,0,0,00000000,00000000
454,xx,xx,xx,xx,xx,1,x,xx,00000013,xx,xx,0,0,0,0,xx,00000000,xx,00000000,0,0,0,0,xx,00000000,0,0,0,0,0,00000000,00000000
455,xx,xx,xx,xx,xx,1,x,xx,00000013,xx,xx,0,0,0,0,xx,00000000,xx,00000000,0,0,0,0,xx,00000000,0,0,0,0,0,00000000,00000000
456,xx,xx,xx,xx,xx,1,x,xx,00000013,xx,xx,0,0,0,0,xx,00000000,xx,00000000,0,0,0,0,xx,00000000,0,0,0,0,0,00000000,00000000
457,xx,xx,xx,xx,xx,1,x,xx,00000013,xx,xx,0,0,0,0,xx,00000000,xx,00000000,0,0,0,0,xx,00000000,0,0,0,0,0,00000000,00000000
458,xx,xx,xx,xx,xx,1,x,xx,00000013,xx,xx,0,0,0,0,xx,00000000,xx,00000000,0,0,0,0,xx,00000000,0,0,0,0,0,00000000,00000000
459,xx,xx,xx,xx,xx,1,x,xx,00000013,xx,xx,0,0,0,0,xx,00000000,xx,00000000,0,0,0,0,xx,00000000,0,0,0,0,0,00000000,00000000
460,xx,xx,xx,xx,xx,1,x,xx,00000013,xx,xx,0,0,0,0,xx,00000000,xx,00000000,0,0,0,0,xx,00000000,0,0,0,0,0,00000000,00000000
461,xx,xx,xx,xx,xx,1,x,xx,00000013,xx,xx,0,0,0,0,xx,00000000,xx,00000000,0,0,0,0,xx,00000000,0,0,0,0,0,00000000,00000000
462,xx,xx,xx,xx,xx,1,x,xx,00000013,xx,xx,0,0,0,0,xx,00000000,xx,00000000,0,0,0,0,xx,00000000,0,0,0,0,0,00000000,00000000
463,xx,xx,xx,xx,xx,1,x,xx,00000013,xx,xx,0,0,0,0,xx,00000000,xx,00000000,0,0,0,0,xx,00000000,0,0,0,0,0,00000000,00000000
464,xx,xx,xx,xx,xx,1,x,xx,00000013,xx,xx,0,0,0,0,xx,00000000,xx,00000000,0,0,0,0,xx,00000000,0,0,0,0,0,00000000,00000000
465,xx,xx,xx,xx,xx,1,x,xx,00000013,xx,xx,0,0,0,0,xx,00000000,xx,00000000,0,0,0,0,xx,00000000,0,0,0,0,0,00000000,00000000
466,xx,xx,xx,xx,xx,1,x,xx,00000013,xx,xx,0,0,0,0,xx,00000000,xx,00000000,0,0,0,0,xx,00000000,0,0,0,0,0,00000000,00000000
467,xx,xx,xx,xx,xx,1,x,xx,00000013,xx,xx,0,0,0,0,xx,00000000,xx,00000000,0,0,0,0,xx,00000000,0,0,0,0,0,00000000,00000000
468,xx,xx,xx,xx,xx,1,x,xx,00000013,xx,xx,0,0,0,0,xx,00000000,xx,00000000,0,0,0,0,xx,00000000,0,0,0,0,0,00000000,00000000
469,xx,xx,xx,xx,xx,1,x,xx,00000013,xx,xx,0,0,0,0,xx,00000000,xx,00000000,0,0,0,0,xx,00000000,0,0,0,0,0,00000000,00000000
470,xx,xx,xx,xx,xx,1,x,xx,00000013,xx,xx,0,0,0,0,xx,00000000,xx,00000000,0,0,0,0,xx,00000000,0,0,0,0,0,00000000,00000000
471,xx,xx,xx,xx,xx,1,x,xx,00000013,xx,xx,0,0,0,0,xx,00000000,xx,00000000,0,0,0,0,xx,00000000,0,0,0,0,0,00000000,00000000
472,xx,xx,xx,xx,xx,1,x,xx,00000013,xx,xx,0,0,0,0,xx,00000000,xx,00000000,0,0,0,0,xx,00000000,0,0,0,0,0,00000000,00000000
473,xx,xx,xx,xx,xx,1,x,xx,00000013,xx,xx,0,0,0,0,xx,00000000,xx,00000000,0,0,0,0,xx,00000000,0,0,0,0,0,00000000,00000000
474,xx,xx,xx,xx,xx,1,x,xx,00000013,xx,xx,0,0,0,0,xx,00000000,xx,00000000,0,0,0,0,xx,00000000,0,0,0,0,0,00000000,00000000
475,xx,xx,xx,xx,xx,1,x,xx,00000013,xx,xx,0,0,0,0,xx,00000000,xx,00000000,0,0,0,0,xx,00000000,0,0,0,0,0,00000000,00000000
476,xx,xx,xx,xx,xx,1,x,xx,00000013,xx,xx,0,0,0,0,xx,00000000,xx,00000000,0,0,0,0,xx,00000000,0,0,0,0,0,00000000,00000000
477,xx,xx,xx,xx,xx,1,x,xx,00000013,xx,xx,0,0,0,0,xx,00000000,xx,00000000,0,0,0,0,xx,00000000,0,0,0,0,0,00000000,00000000
478,xx,xx,xx,xx,xx,1,x,xx,00000013,xx,xx,0,0,0,0,xx,00000000,xx,00000000,0,0,0,0,xx,00000000,0,0,0,0,0,00000000,00000000
479,xx,xx,xx,xx,xx,1,x,xx,00000013,xx,xx,0,0,0,0,xx,00000000,xx,00000000,0,0,0,0,xx,00000000,0,0,0,0,0,00000000,00000000
480,xx,xx,xx,xx,xx,1,x,xx,00000013,xx,xx,0,0,0,0,xx,00000000,xx,00000000,0,0,0,0,xx,00000000,0,0,0,0,0,00000000,00000000
481,xx,xx,xx,xx,xx,1,x,xx,00000013,xx,xx,0,0,0,0,xx,00000000,xx,00000000,0,0,0,0,xx,00000000,0,0,0,0,0,00000000,00000000
482,xx,xx,xx,xx,xx,1,x,xx,00000013,xx,xx,0,0,0,0,xx,00000000,xx,00000000,0,0,0,0,xx,00000000,0,0,0,0,0,00000000,00000000
483,xx,xx,xx,xx,xx,1,x,xx,00000013,xx,xx,0,0,0,0,xx,00000000,xx,00000000,0,0,0,0,xx,00000000,0,0,0,0,0,00000000,00000000
484,xx,xx,xx,xx,xx,1,x,xx,00000013,xx,xx,0,0,0,0,xx,00000000,xx,00000000,0,0,0,0,xx,00000000,0,0,0,0,0,00000000,00000000
485,xx,xx,xx,xx,xx,1,x,xx,00000013,xx,xx,0,0,0,0,xx,00000000,xx,00000000,0,0,0,0,xx,00000000,0,0,0,0,0,00000000,00000000
486,xx,xx,xx,xx,xx,1,x,xx,00000013,xx,xx,0,0,0,0,xx,00000000,xx,00000000,0,0,0,0,xx,00000000,0,0,0,0,0,00000000,00000000
487,xx,xx,xx,xx,xx,1,x,xx,00000013,xx,xx,0,0,0,0,xx,00000000,xx,00000000,0,0,0,0,xx,00000000,0,0,0,0,0,00000000,00000000
488,xx,xx,xx,xx,xx,1,x,xx,00000013,xx,xx,0,0,0,0,xx,00000000,xx,00000000,0,0,0,0,xx,00000000,0,0,0,0,0,00000000,00000000
489,xx,xx,xx,xx,xx,1,x,xx,00000013,xx,xx,0,0,0,0,xx,00000000,xx,00000000,0,0,0,0,xx,00000000,0,0,0,0,0,00000000,00000000
490,xx,xx,xx,xx,xx,1,x,xx,00000013,xx,xx,0,0,0,0,xx,00000000,xx,00000000,0,0,0,0,xx,00000000,0,0,0,0,0,00000000,00000000
491,xx,xx,xx,xx,xx,1,x,xx,00000013,xx,xx,0,0,0,0,xx,00000000,xx,00000000,0,0,0,0,xx,00000000,0,0,0,0,0,00000000,00000000
492,xx,xx,xx,xx,xx,1,x,xx,00000013,xx,xx,0,0,0,0,xx,00000000,xx,00000000,0,0,0,0,xx,00000000,0,0,0,0,0,00000000,00000000
493,xx,xx,xx,xx,xx,1,x,xx,00000013,xx,xx,0,0,0,0,xx,00000000,xx,00000000,0,0,0,0,xx,00000000,0,0,0,0,0,00000000,00000000
494,xx,xx,xx,xx,xx,1,x,xx,00000013,xx,xx,0,0,0,0,xx,00000000,xx,00000000,0,0,0,0,xx,00000000,0,0,0,0,0,00000000,00000000
495,xx,xx,xx,xx,xx,1,x,xx,00000013,xx,xx,0,0,0,0,xx,00000000,xx,00000000,0,0,0,0,xx,00000000,0,0,0,0,0,00000000,00000000
496,xx,xx,xx,xx,xx,1,x,xx,00000013,xx,xx,0,0,0,0,xx,00000000,xx,00000000,0,0,0,0,xx,00000000,0,0,0,0,0,00000000,00000000
497,xx,xx,xx,xx,xx,1,x,xx,00000013,xx,xx,0,0,0,0,xx,00000000,xx,00000000,0,0,0,0,xx,00000000,0,0,0,0,0,00000000,00000000
498,xx,xx,xx,xx,xx,1,x,xx,00000013,xx,xx,0,0,0,0,xx,00000000,xx,00000000,0,0,0,0,xx,00000000,0,0,0,0,0,00000000,00000000
499,xx,xx,xx,xx,xx,1,x,xx,00000013,xx,xx,0,0,0,0,xx,00000000,xx,00000000,0,0,0,0,xx,00000000,0,0,0,0,0,00000000,00000000
500,xx,xx,xx,xx,xx,1,x,xx,00000013,xx,xx,0,0,0,0,xx,00000000,xx,00000000,0,0,0,0,xx,00000000,0,0,0,0,0,00000000,00000000
