--- Program (from hex) ---
    Addr |    Instr | Disassembly
----------------------------------------
00000000 | 00500093 | addi x1, x0, 5
00000004 | 00108133 | add x2, x1, x1
00000008 | 001101b3 | add x3, x2, x1
0000000c | 00310263 | beq x2, x3, 4
00000010 | 00012083 | lw x1, 0(x2)
00000014 | 001202b3 | add x5, x4, x1
00000018 | 00328333 | add x6, x5, x3
0000001c | 00130393 | addi x7, x6, 1
00000020 | 00100073 | system

=== Pipeline Report ===
Trace file      : sim\pipeline_trace.log
Program hex     : tests\stage2_stress.hex
Total cycles    : 11
Instructions    : 9
CPI / IPC       : 1.222 / 0.818
Branches taken  : 0
Potential RAW hazards (decode vs prev execute): 4
Stall cycles (load-use)   : 1
Cycles with forwarding    : 5
Average busy registers    : 0.64
Cycle |     PC_F | Fetch                    | Decode                   | Execute                  | Notes
---------------------------------------------------------------------------------------------------------
    0 | 00000004 | add x2, x1, x1           | addi x1, x0, 5           | nop                      | 
    1 | 00000008 | add x3, x2, x1           | add x2, x1, x1           | addi x1, x0, 5           | FWD_RS1;FWD_RS2;busy=0x00000002
    2 | 0000000c | beq x2, x3, 4            | add x3, x2, x1           | add x2, x1, x1           | FWD_RS1;busy=0x00000004
    3 | 00000010 | lw x1, 0(x2)             | beq x2, x3, 4            | add x3, x2, x1           | FWD_RS2;busy=0x00000008
    4 | 00000014 | add x5, x4, x1           | lw x1, 0(x2)             | beq x2, x3, 4            | 
    5 | 00000018 | add x6, x5, x3           | add x5, x4, x1           | lw x1, 0(x2)             | STALL(load-use);busy=0x00000002
    6 | 00000018 | add x6, x5, x3           | add x5, x4, x1           | nop                      | 
    7 | 0000001c | addi x7, x6, 1           | add x6, x5, x3           | add x5, x4, x1           | FWD_RS1;busy=0x00000020
    8 | 00000020 | system                   | addi x7, x6, 1           | add x6, x5, x3           | FWD_RS1;busy=0x00000040
    9 | 00000024 | nop                      | system                   | addi x7, x6, 1           | busy=0x00000080
   10 | 00000028 | nop                      | nop                      | system                   | 
