--- Program (from hex) ---
    Addr |    Instr | Disassembly
----------------------------------------
00000000 | 00100093 | addi x1, x0, 1
00000004 | 00108133 | add x2, x1, x1
00000008 | 00110263 | beq x2, x1, 4
0000000c | 00000193 | addi x3, x0, 0
00000010 | 00012083 | lw x1, 0(x2)
00000014 | 001082b3 | add x5, x1, x1
00000018 | 00100073 | system

=== Pipeline Report ===
Trace file      : sim\pipeline_trace.log
Program hex     : tests\hazard_program.hex
Total cycles    : 9
Instructions    : 7
CPI / IPC       : 1.286 / 0.778
Branches taken  : 0
Potential RAW hazards (decode vs prev execute): 2
Stall cycles (load-use)   : 1
Cycles with forwarding    : 2
Average busy registers    : 0.56
Cycle |     PC_F | Fetch                    | Decode                   | Execute                  | Notes
---------------------------------------------------------------------------------------------------------
    0 | 00000004 | add x2, x1, x1           | addi x1, x0, 1           | nop                      | 
    1 | 00000008 | beq x2, x1, 4            | add x2, x1, x1           | addi x1, x0, 1           | FWD_RS1;FWD_RS2;busy=0x00000002
    2 | 0000000c | addi x3, x0, 0           | beq x2, x1, 4            | add x2, x1, x1           | FWD_RS1;busy=0x00000004
    3 | 00000010 | lw x1, 0(x2)             | addi x3, x0, 0           | beq x2, x1, 4            | 
    4 | 00000014 | add x5, x1, x1           | lw x1, 0(x2)             | addi x3, x0, 0           | busy=0x00000008
    5 | 00000018 | system                   | add x5, x1, x1           | lw x1, 0(x2)             | STALL(load-use);busy=0x00000002
    6 | 00000018 | system                   | add x5, x1, x1           | nop                      | 
    7 | 0000001c | nop                      | system                   | add x5, x1, x1           | busy=0x00000020
    8 | 00000020 | nop                      | nop                      | system                   | 
