--- Program (from hex) ---
    Addr |    Instr | Disassembly
----------------------------------------
00000000 | 00500093 | addi x1, x0, 5
00000004 | 00a00113 | addi x2, x0, 10
00000008 | 002081b3 | add x3, x1, x2
0000000c | 00302023 | sw x3, 0(x0)
00000010 | 00002203 | lw x4, 0(x0)
00000014 | 004182b3 | add x5, x3, x4
00000018 | 00500463 | beq x0, x5, 8
0000001c | 00100073 | system

=== Pipeline Report ===
Trace file      : sim\pipeline_trace.log
Program hex     : tests\sample_program.hex
Total cycles    : 10
Instructions    : 8
CPI / IPC       : 1.250 / 0.800
Branches taken  : 0
Potential RAW hazards (decode vs prev execute): 2
Stall cycles (load-use)   : 1
Cycles with forwarding    : 3
Average busy registers    : 0.50
Cycle |     PC_F | Fetch                    | Decode                   | Execute                  | Notes
---------------------------------------------------------------------------------------------------------
    0 | 00000004 | addi x2, x0, 10          | addi x1, x0, 5           | nop                      | 
    1 | 00000008 | add x3, x1, x2           | addi x2, x0, 10          | addi x1, x0, 5           | busy=0x00000002
    2 | 0000000c | sw x3, 0(x0)             | add x3, x1, x2           | addi x2, x0, 10          | FWD_RS2;busy=0x00000004
    3 | 00000010 | lw x4, 0(x0)             | sw x3, 0(x0)             | add x3, x1, x2           | FWD_RS2;busy=0x00000008
    4 | 00000014 | add x5, x3, x4           | lw x4, 0(x0)             | sw x3, 0(x0)             | 
    5 | 00000018 | beq x0, x5, 8            | add x5, x3, x4           | lw x4, 0(x0)             | STALL(load-use);busy=0x00000010
    6 | 00000018 | beq x0, x5, 8            | add x5, x3, x4           | nop                      | 
    7 | 0000001c | system                   | beq x0, x5, 8            | add x5, x3, x4           | FWD_RS2;busy=0x00000020
    8 | 00000020 | nop                      | system                   | beq x0, x5, 8            | 
    9 | 00000024 | nop                      | nop                      | system                   | 
